{"/home/travis/build/npmtest/node-npmtest-showdown/test.js":{"path":"/home/travis/build/npmtest/node-npmtest-showdown/test.js","s":{"1":2,"2":2,"3":2,"4":2,"5":2,"6":2,"7":2,"8":1,"9":2,"10":2,"11":1,"12":1,"13":1,"14":1,"15":2,"16":2,"17":2,"18":2,"19":1,"20":1,"21":2,"22":2,"23":2,"24":1,"25":1,"26":1,"27":1,"28":1,"29":1,"30":1,"31":1,"32":1,"33":1,"34":1,"35":1,"36":1,"37":2,"38":2,"39":1,"40":2,"41":2,"42":1,"43":2,"44":2,"45":1,"46":2,"47":2,"48":1,"49":1,"50":1,"51":1,"52":1},"b":{"1":[2,1,1,1],"2":[1,1,1,1],"3":[1,1],"4":[1,1],"5":[1,1],"6":[1,1],"7":[1,1],"8":[1,1],"9":[1,1,1],"10":[1,1],"11":[1,1],"12":[1,1],"13":[1,1],"14":[1,1],"15":[1,1],"16":[1,1]},"f":{"1":2,"2":2,"3":2,"4":2,"5":2,"6":1,"7":1,"8":2,"9":2,"10":2,"11":2,"12":1},"fnMap":{"1":{"name":"(anonymous_1)","line":12,"loc":{"start":{"line":12,"column":1},"end":{"line":12,"column":13}}},"2":{"name":"(anonymous_2)","line":19,"loc":{"start":{"line":19,"column":5},"end":{"line":19,"column":17}}},"3":{"name":"(anonymous_3)","line":23,"loc":{"start":{"line":23,"column":24},"end":{"line":23,"column":36}}},"4":{"name":"(anonymous_4)","line":61,"loc":{"start":{"line":61,"column":5},"end":{"line":61,"column":17}}},"5":{"name":"(anonymous_5)","line":82,"loc":{"start":{"line":82,"column":5},"end":{"line":82,"column":17}}},"6":{"name":"(anonymous_6)","line":102,"loc":{"start":{"line":102,"column":83},"end":{"line":105,"column":10}},"skip":true},"7":{"name":"(anonymous_7)","line":113,"loc":{"start":{"line":113,"column":77},"end":{"line":116,"column":10}},"skip":true},"8":{"name":"(anonymous_8)","line":129,"loc":{"start":{"line":129,"column":12},"end":{"line":129,"column":40}},"skip":true},"9":{"name":"(anonymous_9)","line":137,"loc":{"start":{"line":137,"column":77},"end":{"line":140,"column":10}},"skip":true},"10":{"name":"(anonymous_10)","line":148,"loc":{"start":{"line":148,"column":83},"end":{"line":151,"column":10}},"skip":true},"11":{"name":"(anonymous_11)","line":159,"loc":{"start":{"line":159,"column":79},"end":{"line":162,"column":10}},"skip":true},"12":{"name":"(anonymous_12)","line":170,"loc":{"start":{"line":170,"column":75},"end":{"line":173,"column":10}},"skip":true}},"statementMap":{"1":{"start":{"line":12,"column":0},"end":{"line":185,"column":5}},"2":{"start":{"line":14,"column":4},"end":{"line":14,"column":14}},"3":{"start":{"line":19,"column":4},"end":{"line":56,"column":9}},"4":{"start":{"line":21,"column":8},"end":{"line":21,"column":19}},"5":{"start":{"line":23,"column":8},"end":{"line":35,"column":13}},"6":{"start":{"line":24,"column":12},"end":{"line":34,"column":13}},"7":{"start":{"line":25,"column":16},"end":{"line":28,"column":30}},"8":{"start":{"line":30,"column":16},"end":{"line":33,"column":27}},"9":{"start":{"line":37,"column":8},"end":{"line":39,"column":21}},"10":{"start":{"line":40,"column":8},"end":{"line":53,"column":9}},"11":{"start":{"line":43,"column":12},"end":{"line":46,"column":14}},"12":{"start":{"line":47,"column":12},"end":{"line":47,"column":18}},"13":{"start":{"line":50,"column":12},"end":{"line":51,"column":46}},"14":{"start":{"line":52,"column":12},"end":{"line":52,"column":18}},"15":{"start":{"line":55,"column":8},"end":{"line":55,"column":35}},"16":{"start":{"line":61,"column":4},"end":{"line":63,"column":9}},"17":{"start":{"line":62,"column":8},"end":{"line":62,"column":15}},"18":{"start":{"line":64,"column":4},"end":{"line":77,"column":5}},"19":{"start":{"line":70,"column":8},"end":{"line":70,"column":14}},"20":{"start":{"line":76,"column":8},"end":{"line":76,"column":14}},"21":{"start":{"line":82,"column":4},"end":{"line":84,"column":9}},"22":{"start":{"line":83,"column":8},"end":{"line":83,"column":15}},"23":{"start":{"line":85,"column":4},"end":{"line":184,"column":5}},"24":{"start":{"line":92,"column":8},"end":{"line":94,"column":63}},"25":{"start":{"line":95,"column":8},"end":{"line":95,"column":14}},"26":{"start":{"line":102,"column":8},"end":{"line":111,"column":10},"skip":true},"27":{"start":{"line":109,"column":12},"end":{"line":109,"column":55},"skip":true},"28":{"start":{"line":110,"column":12},"end":{"line":110,"column":48},"skip":true},"29":{"start":{"line":113,"column":8},"end":{"line":126,"column":10},"skip":true},"30":{"start":{"line":120,"column":12},"end":{"line":120,"column":76},"skip":true},"31":{"start":{"line":121,"column":12},"end":{"line":121,"column":73},"skip":true},"32":{"start":{"line":122,"column":12},"end":{"line":122,"column":74},"skip":true},"33":{"start":{"line":123,"column":12},"end":{"line":123,"column":79},"skip":true},"34":{"start":{"line":124,"column":12},"end":{"line":124,"column":25},"skip":true},"35":{"start":{"line":125,"column":12},"end":{"line":125,"column":45},"skip":true},"36":{"start":{"line":128,"column":8},"end":{"line":135,"column":14},"skip":true},"37":{"start":{"line":133,"column":16},"end":{"line":133,"column":29},"skip":true},"38":{"start":{"line":134,"column":16},"end":{"line":134,"column":55},"skip":true},"39":{"start":{"line":137,"column":8},"end":{"line":146,"column":10},"skip":true},"40":{"start":{"line":144,"column":12},"end":{"line":144,"column":25},"skip":true},"41":{"start":{"line":145,"column":12},"end":{"line":145,"column":45},"skip":true},"42":{"start":{"line":148,"column":8},"end":{"line":157,"column":10},"skip":true},"43":{"start":{"line":155,"column":12},"end":{"line":155,"column":25},"skip":true},"44":{"start":{"line":156,"column":12},"end":{"line":156,"column":48},"skip":true},"45":{"start":{"line":159,"column":8},"end":{"line":168,"column":10},"skip":true},"46":{"start":{"line":166,"column":12},"end":{"line":166,"column":25},"skip":true},"47":{"start":{"line":167,"column":12},"end":{"line":167,"column":46},"skip":true},"48":{"start":{"line":170,"column":8},"end":{"line":179,"column":10},"skip":true},"49":{"start":{"line":177,"column":12},"end":{"line":177,"column":94},"skip":true},"50":{"start":{"line":178,"column":12},"end":{"line":178,"column":48},"skip":true},"51":{"start":{"line":182,"column":8},"end":{"line":182,"column":35},"skip":true},"52":{"start":{"line":183,"column":8},"end":{"line":183,"column":14},"skip":true}},"branchMap":{"1":{"line":25,"type":"binary-expr","locations":[{"start":{"line":25,"column":23},"end":{"line":25,"column":62}},{"start":{"line":26,"column":20},"end":{"line":26,"column":70}},{"start":{"line":27,"column":20},"end":{"line":27,"column":71}},{"start":{"line":28,"column":20},"end":{"line":28,"column":29}}]},"2":{"line":30,"type":"binary-expr","locations":[{"start":{"line":30,"column":23},"end":{"line":30,"column":37}},{"start":{"line":31,"column":20},"end":{"line":31,"column":61}},{"start":{"line":32,"column":20},"end":{"line":32,"column":70}},{"start":{"line":33,"column":20},"end":{"line":33,"column":26}}]},"3":{"line":37,"type":"cond-expr","locations":[{"start":{"line":38,"column":14},"end":{"line":38,"column":20}},{"start":{"line":39,"column":14},"end":{"line":39,"column":20}}]},"4":{"line":40,"type":"switch","locations":[{"start":{"line":42,"column":8},"end":{"line":47,"column":18}},{"start":{"line":49,"column":8},"end":{"line":52,"column":18}}]},"5":{"line":44,"type":"binary-expr","locations":[{"start":{"line":44,"column":16},"end":{"line":44,"column":44}},{"start":{"line":44,"column":48},"end":{"line":44,"column":66}}]},"6":{"line":50,"type":"binary-expr","locations":[{"start":{"line":50,"column":21},"end":{"line":50,"column":49}},{"start":{"line":50,"column":53},"end":{"line":50,"column":72}}]},"7":{"line":64,"type":"switch","locations":[{"start":{"line":69,"column":4},"end":{"line":70,"column":14}},{"start":{"line":75,"column":4},"end":{"line":76,"column":14}}]},"8":{"line":85,"type":"switch","locations":[{"start":{"line":90,"column":4},"end":{"line":95,"column":14}},{"start":{"line":101,"column":4},"end":{"line":183,"column":14},"skip":true}]},"9":{"line":92,"type":"binary-expr","locations":[{"start":{"line":92,"column":18},"end":{"line":92,"column":32}},{"start":{"line":93,"column":12},"end":{"line":93,"column":53}},{"start":{"line":94,"column":12},"end":{"line":94,"column":61}}]},"10":{"line":102,"type":"binary-expr","locations":[{"start":{"line":102,"column":45},"end":{"line":102,"column":79},"skip":true},{"start":{"line":102,"column":83},"end":{"line":111,"column":9},"skip":true}]},"11":{"line":113,"type":"binary-expr","locations":[{"start":{"line":113,"column":42},"end":{"line":113,"column":73},"skip":true},{"start":{"line":113,"column":77},"end":{"line":126,"column":9},"skip":true}]},"12":{"line":128,"type":"binary-expr","locations":[{"start":{"line":128,"column":48},"end":{"line":128,"column":85},"skip":true},{"start":{"line":129,"column":12},"end":{"line":135,"column":13},"skip":true}]},"13":{"line":137,"type":"binary-expr","locations":[{"start":{"line":137,"column":42},"end":{"line":137,"column":73},"skip":true},{"start":{"line":137,"column":77},"end":{"line":146,"column":9},"skip":true}]},"14":{"line":148,"type":"binary-expr","locations":[{"start":{"line":148,"column":45},"end":{"line":148,"column":79},"skip":true},{"start":{"line":148,"column":83},"end":{"line":157,"column":9},"skip":true}]},"15":{"line":159,"type":"binary-expr","locations":[{"start":{"line":159,"column":43},"end":{"line":159,"column":75},"skip":true},{"start":{"line":159,"column":79},"end":{"line":168,"column":9},"skip":true}]},"16":{"line":170,"type":"binary-expr","locations":[{"start":{"line":170,"column":41},"end":{"line":170,"column":71},"skip":true},{"start":{"line":170,"column":75},"end":{"line":179,"column":9},"skip":true}]}},"code":["/* istanbul instrument in package npmtest_showdown */","/*jslint","    bitwise: true,","    browser: true,","    maxerr: 8,","    maxlen: 96,","    node: true,","    nomen: true,","    regexp: true,","    stupid: true","*/","(function () {","    'use strict';","    var local;","","","","    // run shared js-env code - pre-init","    (function () {","        // init local","        local = {};","        // init modeJs","        local.modeJs = (function () {","            try {","                return typeof navigator.userAgent === 'string' &&","                    typeof document.querySelector('body') === 'object' &&","                    typeof XMLHttpRequest.prototype.open === 'function' &&","                    'browser';","            } catch (errorCaughtBrowser) {","                return module.exports &&","                    typeof process.versions.node === 'string' &&","                    typeof require('http').createServer === 'function' &&","                    'node';","            }","        }());","        // init global","        local.global = local.modeJs === 'browser'","            ? window","            : global;","        switch (local.modeJs) {","        // re-init local from window.local","        case 'browser':","            local = local.global.utility2.objectSetDefault(","                local.global.utility2_rollup || local.global.local,","                local.global.utility2","            );","            break;","        // re-init local from example.js","        case 'node':","            local = (local.global.utility2_rollup || require('utility2'))","                .requireExampleJsFromReadme();","            break;","        }","        // export local","        local.global.local = local;","    }());","","","","    // run shared js-env code - function","    (function () {","        return;","    }());","    switch (local.modeJs) {","","","","    // run browser js-env code - function","    case 'browser':","        break;","","","","    // run node js-env code - function","    case 'node':","        break;","    }","","","","    // run shared js-env code - post-init","    (function () {","        return;","    }());","    switch (local.modeJs) {","","","","    // run browser js-env code - post-init","    case 'browser':","        // run tests","        local.nop(local.modeTest &&","            document.querySelector('#testRunButton1') &&","            document.querySelector('#testRunButton1').click());","        break;","","","","    // run node js-env code - post-init","    /* istanbul ignore next */","    case 'node':","        local.testCase_buildApidoc_default = local.testCase_buildApidoc_default || function (","            options,","            onError","        ) {","        /*","         * this function will test buildApidoc's default handling-behavior-behavior","         */","            options = { modulePathList: module.paths };","            local.buildApidoc(options, onError);","        };","","        local.testCase_buildApp_default = local.testCase_buildApp_default || function (","            options,","            onError","        ) {","        /*","         * this function will test buildApp's default handling-behavior-behavior","         */","            local.testCase_buildReadme_default(options, local.onErrorThrow);","            local.testCase_buildLib_default(options, local.onErrorThrow);","            local.testCase_buildTest_default(options, local.onErrorThrow);","            local.testCase_buildCustomOrg_default(options, local.onErrorThrow);","            options = [];","            local.buildApp(options, onError);","        };","","        local.testCase_buildCustomOrg_default = local.testCase_buildCustomOrg_default ||","            function (options, onError) {","            /*","             * this function will test buildCustomOrg's default handling-behavior","             */","                options = {};","                local.buildCustomOrg(options, onError);","            };","","        local.testCase_buildLib_default = local.testCase_buildLib_default || function (","            options,","            onError","        ) {","        /*","         * this function will test buildLib's default handling-behavior","         */","            options = {};","            local.buildLib(options, onError);","        };","","        local.testCase_buildReadme_default = local.testCase_buildReadme_default || function (","            options,","            onError","        ) {","        /*","         * this function will test buildReadme's default handling-behavior-behavior","         */","            options = {};","            local.buildReadme(options, onError);","        };","","        local.testCase_buildTest_default = local.testCase_buildTest_default || function (","            options,","            onError","        ) {","        /*","         * this function will test buildTest's default handling-behavior","         */","            options = {};","            local.buildTest(options, onError);","        };","","        local.testCase_webpage_default = local.testCase_webpage_default || function (","            options,","            onError","        ) {","        /*","         * this function will test webpage's default handling-behavior","         */","            options = { modeCoverageMerge: true, url: local.serverLocalHost + '?modeTest=1' };","            local.browserTest(options, onError);","        };","","        // run test-server","        local.testRunServer(local);","        break;","    }","}());",""],"l":{"12":2,"14":2,"19":2,"21":2,"23":2,"24":2,"25":2,"30":1,"37":2,"40":2,"43":1,"47":1,"50":1,"52":1,"55":2,"61":2,"62":2,"64":2,"70":1,"76":1,"82":2,"83":2,"85":2,"92":1,"95":1,"102":1,"109":1,"110":1,"113":1,"120":1,"121":1,"122":1,"123":1,"124":1,"125":1,"128":1,"133":2,"134":2,"137":1,"144":2,"145":2,"148":1,"155":2,"156":2,"159":1,"166":2,"167":2,"170":1,"177":1,"178":1,"182":1,"183":1}},"/home/travis/build/npmtest/node-npmtest-showdown/lib.npmtest_showdown.js":{"path":"/home/travis/build/npmtest/node-npmtest-showdown/lib.npmtest_showdown.js","s":{"1":2,"2":2,"3":2,"4":2,"5":2,"6":2,"7":2,"8":1,"9":2,"10":2,"11":2,"12":2,"13":1,"14":1,"15":1,"16":1},"b":{"1":[2,1,1,1],"2":[1,1,1,1],"3":[1,1],"4":[2,2],"5":[1,1]},"f":{"1":2,"2":2,"3":2},"fnMap":{"1":{"name":"(anonymous_1)","line":12,"loc":{"start":{"line":12,"column":1},"end":{"line":12,"column":13}}},"2":{"name":"(anonymous_2)","line":19,"loc":{"start":{"line":19,"column":5},"end":{"line":19,"column":17}}},"3":{"name":"(anonymous_3)","line":23,"loc":{"start":{"line":23,"column":24},"end":{"line":23,"column":36}}}},"statementMap":{"1":{"start":{"line":12,"column":0},"end":{"line":53,"column":5}},"2":{"start":{"line":14,"column":4},"end":{"line":14,"column":14}},"3":{"start":{"line":19,"column":4},"end":{"line":52,"column":9}},"4":{"start":{"line":21,"column":8},"end":{"line":21,"column":19}},"5":{"start":{"line":23,"column":8},"end":{"line":35,"column":13}},"6":{"start":{"line":24,"column":12},"end":{"line":34,"column":13}},"7":{"start":{"line":25,"column":16},"end":{"line":28,"column":30}},"8":{"start":{"line":30,"column":16},"end":{"line":33,"column":27}},"9":{"start":{"line":37,"column":8},"end":{"line":39,"column":21}},"10":{"start":{"line":41,"column":8},"end":{"line":41,"column":54}},"11":{"start":{"line":43,"column":8},"end":{"line":43,"column":53}},"12":{"start":{"line":45,"column":8},"end":{"line":51,"column":9}},"13":{"start":{"line":46,"column":12},"end":{"line":46,"column":59}},"14":{"start":{"line":48,"column":12},"end":{"line":48,"column":35}},"15":{"start":{"line":49,"column":12},"end":{"line":49,"column":49}},"16":{"start":{"line":50,"column":12},"end":{"line":50,"column":43}}},"branchMap":{"1":{"line":25,"type":"binary-expr","locations":[{"start":{"line":25,"column":23},"end":{"line":25,"column":62}},{"start":{"line":26,"column":20},"end":{"line":26,"column":70}},{"start":{"line":27,"column":20},"end":{"line":27,"column":71}},{"start":{"line":28,"column":20},"end":{"line":28,"column":29}}]},"2":{"line":30,"type":"binary-expr","locations":[{"start":{"line":30,"column":23},"end":{"line":30,"column":37}},{"start":{"line":31,"column":20},"end":{"line":31,"column":61}},{"start":{"line":32,"column":20},"end":{"line":32,"column":70}},{"start":{"line":33,"column":20},"end":{"line":33,"column":26}}]},"3":{"line":37,"type":"cond-expr","locations":[{"start":{"line":38,"column":14},"end":{"line":38,"column":20}},{"start":{"line":39,"column":14},"end":{"line":39,"column":20}}]},"4":{"line":41,"type":"binary-expr","locations":[{"start":{"line":41,"column":16},"end":{"line":41,"column":44}},{"start":{"line":41,"column":48},"end":{"line":41,"column":53}}]},"5":{"line":45,"type":"if","locations":[{"start":{"line":45,"column":8},"end":{"line":45,"column":8}},{"start":{"line":45,"column":8},"end":{"line":45,"column":8}}]}},"code":["/* istanbul instrument in package npmtest_showdown */","/*jslint","    bitwise: true,","    browser: true,","    maxerr: 8,","    maxlen: 96,","    node: true,","    nomen: true,","    regexp: true,","    stupid: true","*/","(function () {","    'use strict';","    var local;","","","","    // run shared js-env code - pre-init","    (function () {","        // init local","        local = {};","        // init modeJs","        local.modeJs = (function () {","            try {","                return typeof navigator.userAgent === 'string' &&","                    typeof document.querySelector('body') === 'object' &&","                    typeof XMLHttpRequest.prototype.open === 'function' &&","                    'browser';","            } catch (errorCaughtBrowser) {","                return module.exports &&","                    typeof process.versions.node === 'string' &&","                    typeof require('http').createServer === 'function' &&","                    'node';","            }","        }());","        // init global","        local.global = local.modeJs === 'browser'","            ? window","            : global;","        // init utility2_rollup","        local = local.global.utility2_rollup || local;","        // init lib","        local.local = local.npmtest_showdown = local;","        // init exports","        if (local.modeJs === 'browser') {","            local.global.utility2_npmtest_showdown = local;","        } else {","            module.exports = local;","            module.exports.__dirname = __dirname;","            module.exports.module = module;","        }","    }());","}());",""],"l":{"12":2,"14":2,"19":2,"21":2,"23":2,"24":2,"25":2,"30":1,"37":2,"41":2,"43":2,"45":2,"46":1,"48":1,"49":1,"50":1}},"/home/travis/build/npmtest/node-npmtest-showdown/example.js":{"path":"/home/travis/build/npmtest/node-npmtest-showdown/example.js","s":{"1":2,"2":2,"3":2,"4":2,"5":2,"6":2,"7":2,"8":1,"9":2,"10":2,"11":2,"12":2,"13":1,"14":2,"15":2,"16":2,"17":2,"18":2,"19":0,"20":2,"21":1,"22":1,"23":1,"24":1,"25":1,"26":0,"27":0,"28":1,"29":1,"30":2,"31":0,"32":0,"33":0,"34":1,"35":2,"36":2,"37":2,"38":2,"39":2,"40":2,"41":0,"42":2,"43":2,"44":2,"45":1,"46":3,"47":1,"48":1,"49":1,"50":1,"51":1,"52":1,"53":1,"54":1,"55":1,"56":1,"57":0,"58":1,"59":6,"60":6,"61":1,"62":2,"63":0,"64":2,"65":1,"66":1,"67":0,"68":0,"69":0,"70":0,"71":0,"72":0,"73":0,"74":0,"75":0,"76":0,"77":0,"78":0,"79":0,"80":0,"81":0,"82":0,"83":0},"b":{"1":[2,1,1,1],"2":[1,1,1,1],"3":[1,1],"4":[2,2],"5":[1,1],"6":[1,1],"7":[2,0],"8":[2,1,1,1,1,1],"9":[0,2,0],"10":[1,1],"11":[2,1,1],"12":[1,0],"13":[0,2],"14":[2,0,0,0,0,0,0],"15":[0,2],"16":[2,0],"17":[1,1],"18":[0,1],"19":[1,2,0,2],"20":[1,0],"21":[1,1],"22":[0,0],"23":[0,0],"24":[0,0],"25":[0,0],"26":[0,0],"27":[0,0],"28":[0,0]},"f":{"1":2,"2":2,"3":2,"4":2,"5":2,"6":2,"7":2,"8":2,"9":3,"10":1,"11":6,"12":0},"fnMap":{"1":{"name":"(anonymous_1)","line":26,"loc":{"start":{"line":26,"column":1},"end":{"line":26,"column":13}}},"2":{"name":"(anonymous_2)","line":33,"loc":{"start":{"line":33,"column":5},"end":{"line":33,"column":17}}},"3":{"name":"(anonymous_3)","line":37,"loc":{"start":{"line":37,"column":24},"end":{"line":37,"column":36}}},"4":{"name":"(anonymous_4)","line":69,"loc":{"start":{"line":69,"column":31},"end":{"line":69,"column":48}},"skip":true},"5":{"name":"(anonymous_5)","line":78,"loc":{"start":{"line":78,"column":26},"end":{"line":78,"column":45}},"skip":true},"6":{"name":"(anonymous_6)","line":123,"loc":{"start":{"line":123,"column":33},"end":{"line":123,"column":48}},"skip":true},"7":{"name":"(anonymous_7)","line":125,"loc":{"start":{"line":125,"column":27},"end":{"line":125,"column":39}},"skip":true},"8":{"name":"(anonymous_8)","line":133,"loc":{"start":{"line":133,"column":59},"end":{"line":133,"column":74}},"skip":true},"9":{"name":"(anonymous_9)","line":143,"loc":{"start":{"line":143,"column":45},"end":{"line":143,"column":62}},"skip":true},"10":{"name":"(anonymous_10)","line":144,"loc":{"start":{"line":144,"column":73},"end":{"line":144,"column":92}},"skip":true},"11":{"name":"(anonymous_11)","line":272,"loc":{"start":{"line":272,"column":51},"end":{"line":272,"column":77}},"skip":true},"12":{"name":"(anonymous_12)","line":314,"loc":{"start":{"line":314,"column":32},"end":{"line":314,"column":61}},"skip":true}},"statementMap":{"1":{"start":{"line":26,"column":0},"end":{"line":325,"column":5}},"2":{"start":{"line":28,"column":4},"end":{"line":28,"column":14}},"3":{"start":{"line":33,"column":4},"end":{"line":60,"column":9}},"4":{"start":{"line":35,"column":8},"end":{"line":35,"column":19}},"5":{"start":{"line":37,"column":8},"end":{"line":49,"column":13}},"6":{"start":{"line":38,"column":12},"end":{"line":48,"column":13}},"7":{"start":{"line":39,"column":16},"end":{"line":42,"column":30}},"8":{"start":{"line":44,"column":16},"end":{"line":47,"column":27}},"9":{"start":{"line":51,"column":8},"end":{"line":53,"column":21}},"10":{"start":{"line":55,"column":8},"end":{"line":57,"column":45}},"11":{"start":{"line":59,"column":8},"end":{"line":59,"column":35}},"12":{"start":{"line":61,"column":4},"end":{"line":324,"column":5}},"13":{"start":{"line":69,"column":8},"end":{"line":121,"column":10},"skip":true},"14":{"start":{"line":70,"column":12},"end":{"line":88,"column":13},"skip":true},"15":{"start":{"line":76,"column":16},"end":{"line":87,"column":19},"skip":true},"16":{"start":{"line":79,"column":20},"end":{"line":86,"column":21},"skip":true},"17":{"start":{"line":82,"column":24},"end":{"line":82,"column":43},"skip":true},"18":{"start":{"line":83,"column":24},"end":{"line":83,"column":30},"skip":true},"19":{"start":{"line":85,"column":24},"end":{"line":85,"column":49},"skip":true},"20":{"start":{"line":89,"column":12},"end":{"line":107,"column":13},"skip":true},"21":{"start":{"line":92,"column":16},"end":{"line":102,"column":17},"skip":true},"22":{"start":{"line":93,"column":20},"end":{"line":93,"column":86},"skip":true},"23":{"start":{"line":94,"column":20},"end":{"line":95,"column":45},"skip":true},"24":{"start":{"line":96,"column":20},"end":{"line":96,"column":42},"skip":true},"25":{"start":{"line":97,"column":20},"end":{"line":97,"column":48},"skip":true},"26":{"start":{"line":100,"column":20},"end":{"line":100,"column":85},"skip":true},"27":{"start":{"line":101,"column":20},"end":{"line":101,"column":96},"skip":true},"28":{"start":{"line":103,"column":16},"end":{"line":103,"column":22},"skip":true},"29":{"start":{"line":106,"column":16},"end":{"line":106,"column":22},"skip":true},"30":{"start":{"line":108,"column":12},"end":{"line":120,"column":13},"skip":true},"31":{"start":{"line":114,"column":16},"end":{"line":119,"column":17},"skip":true},"32":{"start":{"line":116,"column":20},"end":{"line":116,"column":78},"skip":true},"33":{"start":{"line":118,"column":20},"end":{"line":118,"column":53},"skip":true},"34":{"start":{"line":123,"column":8},"end":{"line":141,"column":11},"skip":true},"35":{"start":{"line":124,"column":12},"end":{"line":124,"column":54},"skip":true},"36":{"start":{"line":125,"column":12},"end":{"line":140,"column":14},"skip":true},"37":{"start":{"line":126,"column":16},"end":{"line":126,"column":28},"skip":true},"38":{"start":{"line":127,"column":16},"end":{"line":127,"column":69},"skip":true},"39":{"start":{"line":128,"column":16},"end":{"line":128,"column":75},"skip":true},"40":{"start":{"line":129,"column":16},"end":{"line":131,"column":17},"skip":true},"41":{"start":{"line":130,"column":20},"end":{"line":130,"column":27},"skip":true},"42":{"start":{"line":133,"column":16},"end":{"line":137,"column":36},"skip":true},"43":{"start":{"line":134,"column":20},"end":{"line":136,"column":55},"skip":true},"44":{"start":{"line":139,"column":16},"end":{"line":139,"column":57},"skip":true},"45":{"start":{"line":143,"column":8},"end":{"line":147,"column":11},"skip":true},"46":{"start":{"line":144,"column":12},"end":{"line":146,"column":15},"skip":true},"47":{"start":{"line":145,"column":16},"end":{"line":145,"column":70},"skip":true},"48":{"start":{"line":149,"column":8},"end":{"line":149,"column":31},"skip":true},"49":{"start":{"line":150,"column":8},"end":{"line":150,"column":14},"skip":true},"50":{"start":{"line":158,"column":8},"end":{"line":158,"column":31},"skip":true},"51":{"start":{"line":160,"column":8},"end":{"line":160,"column":33},"skip":true},"52":{"start":{"line":161,"column":8},"end":{"line":161,"column":37},"skip":true},"53":{"start":{"line":162,"column":8},"end":{"line":162,"column":35},"skip":true},"54":{"start":{"line":164,"column":8},"end":{"line":164,"column":50},"skip":true},"55":{"start":{"line":166,"column":8},"end":{"line":256,"column":2},"skip":true},"56":{"start":{"line":258,"column":8},"end":{"line":286,"column":9},"skip":true},"57":{"start":{"line":259,"column":12},"end":{"line":269,"column":14},"skip":true},"58":{"start":{"line":271,"column":12},"end":{"line":285,"column":19},"skip":true},"59":{"start":{"line":274,"column":20},"end":{"line":274,"column":35},"skip":true},"60":{"start":{"line":275,"column":20},"end":{"line":284,"column":21},"skip":true},"61":{"start":{"line":277,"column":24},"end":{"line":277,"column":64},"skip":true},"62":{"start":{"line":279,"column":24},"end":{"line":279,"column":40},"skip":true},"63":{"start":{"line":281,"column":24},"end":{"line":281,"column":40},"skip":true},"64":{"start":{"line":283,"column":24},"end":{"line":283,"column":39},"skip":true},"65":{"start":{"line":288,"column":8},"end":{"line":290,"column":9},"skip":true},"66":{"start":{"line":289,"column":12},"end":{"line":289,"column":18},"skip":true},"67":{"start":{"line":291,"column":8},"end":{"line":293,"column":54},"skip":true},"68":{"start":{"line":294,"column":8},"end":{"line":301,"column":37},"skip":true},"69":{"start":{"line":302,"column":8},"end":{"line":302,"column":82},"skip":true},"70":{"start":{"line":305,"column":8},"end":{"line":307,"column":9},"skip":true},"71":{"start":{"line":306,"column":12},"end":{"line":306,"column":82},"skip":true},"72":{"start":{"line":309,"column":8},"end":{"line":311,"column":9},"skip":true},"73":{"start":{"line":310,"column":12},"end":{"line":310,"column":18},"skip":true},"74":{"start":{"line":312,"column":8},"end":{"line":312,"column":54},"skip":true},"75":{"start":{"line":313,"column":8},"end":{"line":313,"column":69},"skip":true},"76":{"start":{"line":314,"column":8},"end":{"line":322,"column":36},"skip":true},"77":{"start":{"line":315,"column":12},"end":{"line":315,"column":61},"skip":true},"78":{"start":{"line":316,"column":12},"end":{"line":319,"column":13},"skip":true},"79":{"start":{"line":317,"column":16},"end":{"line":317,"column":75},"skip":true},"80":{"start":{"line":318,"column":16},"end":{"line":318,"column":23},"skip":true},"81":{"start":{"line":320,"column":12},"end":{"line":320,"column":38},"skip":true},"82":{"start":{"line":321,"column":12},"end":{"line":321,"column":27},"skip":true},"83":{"start":{"line":323,"column":8},"end":{"line":323,"column":14},"skip":true}},"branchMap":{"1":{"line":39,"type":"binary-expr","locations":[{"start":{"line":39,"column":23},"end":{"line":39,"column":62}},{"start":{"line":40,"column":20},"end":{"line":40,"column":70}},{"start":{"line":41,"column":20},"end":{"line":41,"column":71}},{"start":{"line":42,"column":20},"end":{"line":42,"column":29}}]},"2":{"line":44,"type":"binary-expr","locations":[{"start":{"line":44,"column":23},"end":{"line":44,"column":37}},{"start":{"line":45,"column":20},"end":{"line":45,"column":61}},{"start":{"line":46,"column":20},"end":{"line":46,"column":70}},{"start":{"line":47,"column":20},"end":{"line":47,"column":26}}]},"3":{"line":51,"type":"cond-expr","locations":[{"start":{"line":52,"column":14},"end":{"line":52,"column":20}},{"start":{"line":53,"column":14},"end":{"line":53,"column":20}}]},"4":{"line":55,"type":"binary-expr","locations":[{"start":{"line":55,"column":16},"end":{"line":55,"column":44}},{"start":{"line":55,"column":49},"end":{"line":57,"column":43}}]},"5":{"line":55,"type":"cond-expr","locations":[{"start":{"line":56,"column":14},"end":{"line":56,"column":52}},{"start":{"line":57,"column":14},"end":{"line":57,"column":43}}]},"6":{"line":61,"type":"switch","locations":[{"start":{"line":68,"column":4},"end":{"line":150,"column":14},"skip":true},{"start":{"line":156,"column":4},"end":{"line":323,"column":14},"skip":true}]},"7":{"line":70,"type":"if","locations":[{"start":{"line":70,"column":12},"end":{"line":70,"column":12},"skip":true},{"start":{"line":70,"column":12},"end":{"line":70,"column":12},"skip":true}]},"8":{"line":70,"type":"binary-expr","locations":[{"start":{"line":70,"column":16},"end":{"line":70,"column":22},"skip":true},{"start":{"line":70,"column":27},"end":{"line":70,"column":32},"skip":true},{"start":{"line":71,"column":20},"end":{"line":71,"column":39},"skip":true},{"start":{"line":72,"column":20},"end":{"line":72,"column":49},"skip":true},{"start":{"line":73,"column":20},"end":{"line":73,"column":58},"skip":true},{"start":{"line":74,"column":20},"end":{"line":74,"column":69},"skip":true}]},"9":{"line":79,"type":"switch","locations":[{"start":{"line":80,"column":20},"end":{"line":80,"column":33},"skip":true},{"start":{"line":81,"column":20},"end":{"line":83,"column":30},"skip":true},{"start":{"line":84,"column":20},"end":{"line":85,"column":49},"skip":true}]},"10":{"line":89,"type":"switch","locations":[{"start":{"line":90,"column":12},"end":{"line":103,"column":22},"skip":true},{"start":{"line":105,"column":12},"end":{"line":106,"column":22},"skip":true}]},"11":{"line":89,"type":"binary-expr","locations":[{"start":{"line":89,"column":20},"end":{"line":89,"column":25},"skip":true},{"start":{"line":89,"column":29},"end":{"line":89,"column":48},"skip":true},{"start":{"line":89,"column":52},"end":{"line":89,"column":74},"skip":true}]},"12":{"line":92,"type":"if","locations":[{"start":{"line":92,"column":16},"end":{"line":92,"column":16},"skip":true},{"start":{"line":92,"column":16},"end":{"line":92,"column":16},"skip":true}]},"13":{"line":108,"type":"if","locations":[{"start":{"line":108,"column":12},"end":{"line":108,"column":12},"skip":true},{"start":{"line":108,"column":12},"end":{"line":108,"column":12},"skip":true}]},"14":{"line":108,"type":"binary-expr","locations":[{"start":{"line":108,"column":16},"end":{"line":108,"column":61},"skip":true},{"start":{"line":108,"column":66},"end":{"line":108,"column":72},"skip":true},{"start":{"line":108,"column":77},"end":{"line":108,"column":82},"skip":true},{"start":{"line":109,"column":20},"end":{"line":109,"column":39},"skip":true},{"start":{"line":110,"column":20},"end":{"line":110,"column":49},"skip":true},{"start":{"line":111,"column":20},"end":{"line":111,"column":58},"skip":true},{"start":{"line":112,"column":20},"end":{"line":112,"column":68},"skip":true}]},"15":{"line":129,"type":"if","locations":[{"start":{"line":129,"column":16},"end":{"line":129,"column":16},"skip":true},{"start":{"line":129,"column":16},"end":{"line":129,"column":16},"skip":true}]},"16":{"line":134,"type":"cond-expr","locations":[{"start":{"line":135,"column":26},"end":{"line":135,"column":29},"skip":true},{"start":{"line":136,"column":26},"end":{"line":136,"column":54},"skip":true}]},"17":{"line":164,"type":"binary-expr","locations":[{"start":{"line":164,"column":27},"end":{"line":164,"column":43},"skip":true},{"start":{"line":164,"column":47},"end":{"line":164,"column":49},"skip":true}]},"18":{"line":258,"type":"if","locations":[{"start":{"line":258,"column":8},"end":{"line":258,"column":8},"skip":true},{"start":{"line":258,"column":8},"end":{"line":258,"column":8},"skip":true}]},"19":{"line":275,"type":"switch","locations":[{"start":{"line":276,"column":20},"end":{"line":277,"column":64},"skip":true},{"start":{"line":278,"column":20},"end":{"line":279,"column":40},"skip":true},{"start":{"line":280,"column":20},"end":{"line":281,"column":40},"skip":true},{"start":{"line":282,"column":20},"end":{"line":283,"column":39},"skip":true}]},"20":{"line":288,"type":"if","locations":[{"start":{"line":288,"column":8},"end":{"line":288,"column":8},"skip":true},{"start":{"line":288,"column":8},"end":{"line":288,"column":8},"skip":true}]},"21":{"line":288,"type":"binary-expr","locations":[{"start":{"line":288,"column":12},"end":{"line":288,"column":40},"skip":true},{"start":{"line":288,"column":44},"end":{"line":288,"column":67},"skip":true}]},"22":{"line":292,"type":"binary-expr","locations":[{"start":{"line":292,"column":12},"end":{"line":292,"column":50},"skip":true},{"start":{"line":293,"column":12},"end":{"line":293,"column":53},"skip":true}]},"23":{"line":295,"type":"binary-expr","locations":[{"start":{"line":295,"column":12},"end":{"line":295,"column":66},"skip":true},{"start":{"line":296,"column":12},"end":{"line":301,"column":36},"skip":true}]},"24":{"line":302,"type":"binary-expr","locations":[{"start":{"line":302,"column":43},"end":{"line":302,"column":75},"skip":true},{"start":{"line":302,"column":79},"end":{"line":302,"column":81},"skip":true}]},"25":{"line":305,"type":"if","locations":[{"start":{"line":305,"column":8},"end":{"line":305,"column":8},"skip":true},{"start":{"line":305,"column":8},"end":{"line":305,"column":8},"skip":true}]},"26":{"line":309,"type":"if","locations":[{"start":{"line":309,"column":8},"end":{"line":309,"column":8},"skip":true},{"start":{"line":309,"column":8},"end":{"line":309,"column":8},"skip":true}]},"27":{"line":312,"type":"binary-expr","locations":[{"start":{"line":312,"column":27},"end":{"line":312,"column":43},"skip":true},{"start":{"line":312,"column":47},"end":{"line":312,"column":53},"skip":true}]},"28":{"line":316,"type":"if","locations":[{"start":{"line":316,"column":12},"end":{"line":316,"column":12},"skip":true},{"start":{"line":316,"column":12},"end":{"line":316,"column":12},"skip":true}]}},"code":["/*","example.js","","quickstart example","","instruction","    1. save this script as example.js","    2. run the shell command:","        $ npm install npmtest-showdown && PORT=8081 node example.js","    3. play with the browser-demo on http://127.0.0.1:8081","*/","","","","/* istanbul instrument in package npmtest_showdown */","/*jslint","    bitwise: true,","    browser: true,","    maxerr: 8,","    maxlen: 96,","    node: true,","    nomen: true,","    regexp: true,","    stupid: true","*/","(function () {","    'use strict';","    var local;","","","","    // run shared js-env code - pre-init","    (function () {","        // init local","        local = {};","        // init modeJs","        local.modeJs = (function () {","            try {","                return typeof navigator.userAgent === 'string' &&","                    typeof document.querySelector('body') === 'object' &&","                    typeof XMLHttpRequest.prototype.open === 'function' &&","                    'browser';","            } catch (errorCaughtBrowser) {","                return module.exports &&","                    typeof process.versions.node === 'string' &&","                    typeof require('http').createServer === 'function' &&","                    'node';","            }","        }());","        // init global","        local.global = local.modeJs === 'browser'","            ? window","            : global;","        // init utility2_rollup","        local = local.global.utility2_rollup || (local.modeJs === 'browser'","            ? local.global.utility2_npmtest_showdown","            : global.utility2_moduleExports);","        // export local","        local.global.local = local;","    }());","    switch (local.modeJs) {","","","","    // post-init","    // run browser js-env code - post-init","    /* istanbul ignore next */","    case 'browser':","        local.testRunBrowser = function (event) {","            if (!event || (event &&","                    event.currentTarget &&","                    event.currentTarget.className &&","                    event.currentTarget.className.includes &&","                    event.currentTarget.className.includes('onreset'))) {","                // reset output","                Array.from(","                    document.querySelectorAll('body > .resettable')","                ).forEach(function (element) {","                    switch (element.tagName) {","                    case 'INPUT':","                    case 'TEXTAREA':","                        element.value = '';","                        break;","                    default:","                        element.textContent = '';","                    }","                });","            }","            switch (event && event.currentTarget && event.currentTarget.id) {","            case 'testRunButton1':","                // show tests","                if (document.querySelector('#testReportDiv1').style.display === 'none') {","                    document.querySelector('#testReportDiv1').style.display = 'block';","                    document.querySelector('#testRunButton1').textContent =","                        'hide internal test';","                    local.modeTest = true;","                    local.testRunDefault(local);","                // hide tests","                } else {","                    document.querySelector('#testReportDiv1').style.display = 'none';","                    document.querySelector('#testRunButton1').textContent = 'run internal test';","                }","                break;","            // custom-case","            default:","                break;","            }","            if (document.querySelector('#inputTextareaEval1') && (!event || (event &&","                    event.currentTarget &&","                    event.currentTarget.className &&","                    event.currentTarget.className.includes &&","                    event.currentTarget.className.includes('oneval')))) {","                // try to eval input-code","                try {","                    /*jslint evil: true*/","                    eval(document.querySelector('#inputTextareaEval1').value);","                } catch (errorCaught) {","                    console.error(errorCaught.stack);","                }","            }","        };","        // log stderr and stdout to #outputTextareaStdout1","        ['error', 'log'].forEach(function (key) {","            console[key + '_original'] = console[key];","            console[key] = function () {","                var element;","                console[key + '_original'].apply(console, arguments);","                element = document.querySelector('#outputTextareaStdout1');","                if (!element) {","                    return;","                }","                // append text to #outputTextareaStdout1","                element.value += Array.from(arguments).map(function (arg) {","                    return typeof arg === 'string'","                        ? arg","                        : JSON.stringify(arg, null, 4);","                }).join(' ') + '\\n';","                // scroll textarea to bottom","                element.scrollTop = element.scrollHeight;","            };","        });","        // init event-handling","        ['change', 'click', 'keyup'].forEach(function (event) {","            Array.from(document.querySelectorAll('.on' + event)).forEach(function (element) {","                element.addEventListener(event, local.testRunBrowser);","            });","        });","        // run tests","        local.testRunBrowser();","        break;","","","","    // run node js-env code - post-init","    /* istanbul ignore next */","    case 'node':","        // export local","        module.exports = local;","        // require modules","        local.fs = require('fs');","        local.http = require('http');","        local.url = require('url');","        // init assets","        local.assetsDict = local.assetsDict || {};","        /* jslint-ignore-begin */","        local.assetsDict['/assets.index.template.html'] = '\\","<!doctype html>\\n\\","<html lang=\"en\">\\n\\","<head>\\n\\","<meta charset=\"UTF-8\">\\n\\","<meta name=\"viewport\" content=\"width=device-width, initial-scale=1\">\\n\\","<title>{{env.npm_package_name}} (v{{env.npm_package_version}})</title>\\n\\","<style>\\n\\","/*csslint\\n\\","    box-sizing: false,\\n\\","    universal-selector: false\\n\\","*/\\n\\","* {\\n\\","    box-sizing: border-box;\\n\\","}\\n\\","body {\\n\\","    background: #dde;\\n\\","    font-family: Arial, Helvetica, sans-serif;\\n\\","    margin: 2rem;\\n\\","}\\n\\","body > * {\\n\\","    margin-bottom: 1rem;\\n\\","}\\n\\",".utility2FooterDiv {\\n\\","    margin-top: 20px;\\n\\","    text-align: center;\\n\\","}\\n\\","</style>\\n\\","<style>\\n\\","/*csslint\\n\\","*/\\n\\","textarea {\\n\\","    font-family: monospace;\\n\\","    height: 10rem;\\n\\","    width: 100%;\\n\\","}\\n\\","textarea[readonly] {\\n\\","    background: #ddd;\\n\\","}\\n\\","</style>\\n\\","</head>\\n\\","<body>\\n\\","<!-- utility2-comment\\n\\","<div id=\"ajaxProgressDiv1\" style=\"background: #d00; height: 2px; left: 0; margin: 0; padding: 0; position: fixed; top: 0; transition: background 0.5s, width 1.5s; width: 25%;\"></div>\\n\\","utility2-comment -->\\n\\","<h1>\\n\\","<!-- utility2-comment\\n\\","    <a\\n\\","        {{#if env.npm_package_homepage}}\\n\\","        href=\"{{env.npm_package_homepage}}\"\\n\\","        {{/if env.npm_package_homepage}}\\n\\","        target=\"_blank\"\\n\\","    >\\n\\","utility2-comment -->\\n\\","        {{env.npm_package_name}} (v{{env.npm_package_version}})\\n\\","<!-- utility2-comment\\n\\","    </a>\\n\\","utility2-comment -->\\n\\","</h1>\\n\\","<h3>{{env.npm_package_description}}</h3>\\n\\","<!-- utility2-comment\\n\\","<h4><a download href=\"assets.app.js\">download standalone app</a></h4>\\n\\","<button class=\"onclick onreset\" id=\"testRunButton1\">run internal test</button><br>\\n\\","<div id=\"testReportDiv1\" style=\"display: none;\"></div>\\n\\","utility2-comment -->\\n\\","\\n\\","\\n\\","\\n\\","<label>stderr and stdout</label>\\n\\","<textarea class=\"resettable\" id=\"outputTextareaStdout1\" readonly></textarea>\\n\\","<!-- utility2-comment\\n\\","{{#if isRollup}}\\n\\","<script src=\"assets.app.js\"></script>\\n\\","{{#unless isRollup}}\\n\\","utility2-comment -->\\n\\","<script src=\"assets.utility2.rollup.js\"></script>\\n\\","<script src=\"jsonp.utility2._stateInit?callback=window.utility2._stateInit\"></script>\\n\\","<script src=\"assets.npmtest_showdown.rollup.js\"></script>\\n\\","<script src=\"assets.example.js\"></script>\\n\\","<script src=\"assets.test.js\"></script>\\n\\","<!-- utility2-comment\\n\\","{{/if isRollup}}\\n\\","utility2-comment -->\\n\\","<div class=\"utility2FooterDiv\">\\n\\","    [ this app was created with\\n\\","    <a href=\"https://github.com/kaizhu256/node-utility2\" target=\"_blank\">utility2</a>\\n\\","    ]\\n\\","</div>\\n\\","</body>\\n\\","</html>\\n\\","';","        /* jslint-ignore-end */","        if (local.templateRender) {","            local.assetsDict['/'] = local.templateRender(","                local.assetsDict['/assets.index.template.html'],","                {","                    env: local.objectSetDefault(local.env, {","                        npm_package_description: 'the greatest app in the world!',","                        npm_package_name: 'my-app',","                        npm_package_nameAlias: 'my_app',","                        npm_package_version: '0.0.1'","                    })","                }","            );","        } else {","            local.assetsDict['/'] = local.assetsDict['/assets.index.template.html']","                .replace((/\\{\\{env\\.(\\w+?)\\}\\}/g), function (match0, match1) {","                    // jslint-hack","                    String(match0);","                    switch (match1) {","                    case 'npm_package_description':","                        return 'the greatest app in the world!';","                    case 'npm_package_name':","                        return 'my-app';","                    case 'npm_package_nameAlias':","                        return 'my_app';","                    case 'npm_package_version':","                        return '0.0.1';","                    }","                });","        }","        // run the cli","        if (local.global.utility2_rollup || module !== require.main) {","            break;","        }","        local.assetsDict['/assets.example.js'] =","            local.assetsDict['/assets.example.js'] ||","            local.fs.readFileSync(__filename, 'utf8');","        local.assetsDict['/assets.npmtest_showdown.rollup.js'] =","            local.assetsDict['/assets.npmtest_showdown.rollup.js'] ||","            local.fs.readFileSync(","                // buildCustomOrg-hack","                local.npmtest_showdown.__dirname +","                    '/lib.npmtest_showdown.js',","                'utf8'","            ).replace((/^#!/), '//');","        local.assetsDict['/favicon.ico'] = local.assetsDict['/favicon.ico'] || '';","        // if $npm_config_timeout_exit exists,","        // then exit this process after $npm_config_timeout_exit ms","        if (Number(process.env.npm_config_timeout_exit)) {","            setTimeout(process.exit, Number(process.env.npm_config_timeout_exit));","        }","        // start server","        if (local.global.utility2_serverHttp1) {","            break;","        }","        process.env.PORT = process.env.PORT || '8081';","        console.error('server starting on port ' + process.env.PORT);","        local.http.createServer(function (request, response) {","            request.urlParsed = local.url.parse(request.url);","            if (local.assetsDict[request.urlParsed.pathname] !== undefined) {","                response.end(local.assetsDict[request.urlParsed.pathname]);","                return;","            }","            response.statusCode = 404;","            response.end();","        }).listen(process.env.PORT);","        break;","    }","}());",""],"l":{"26":2,"28":2,"33":2,"35":2,"37":2,"38":2,"39":2,"44":1,"51":2,"55":2,"59":2,"61":2,"69":1,"70":2,"76":2,"79":2,"82":2,"83":2,"85":1,"89":2,"92":1,"93":1,"94":1,"96":1,"97":1,"100":1,"101":1,"103":1,"106":1,"108":2,"114":1,"116":1,"118":1,"123":1,"124":2,"125":2,"126":2,"127":2,"128":2,"129":2,"130":1,"133":2,"134":2,"139":2,"143":1,"144":3,"145":1,"149":1,"150":1,"158":1,"160":1,"161":1,"162":1,"164":1,"166":1,"258":1,"259":1,"271":1,"274":6,"275":6,"277":1,"279":2,"281":1,"283":2,"288":1,"289":1,"291":1,"294":1,"302":1,"305":1,"306":1,"309":1,"310":1,"312":1,"313":1,"314":1,"315":1,"316":1,"317":1,"318":1,"320":1,"321":1,"323":1}},"/home/travis/build/npmtest/node-npmtest-showdown/showdown/dist/showdown.js":{"path":"/home/travis/build/npmtest/node-npmtest-showdown/showdown/dist/showdown.js","s":{"1":1,"2":1,"3":3,"4":3,"5":0,"6":3,"7":3,"8":66,"9":66,"10":3,"11":1,"12":1,"13":1,"14":22,"15":22,"16":1,"17":1,"18":1,"19":1,"20":1,"21":0,"22":0,"23":1,"24":0,"25":1,"26":0,"27":1,"28":0,"29":1,"30":0,"31":0,"32":0,"33":0,"34":0,"35":0,"36":0,"37":1,"38":0,"39":1,"40":0,"41":0,"42":1,"43":0,"44":1,"45":32,"46":32,"47":32,"48":0,"49":0,"50":0,"51":1,"52":0,"53":0,"54":0,"55":0,"56":0,"57":0,"58":0,"59":0,"60":0,"61":0,"62":0,"63":0,"64":0,"65":0,"66":0,"67":1,"68":0,"69":1,"70":0,"71":1,"72":0,"73":1,"74":0,"75":0,"76":0,"77":0,"78":0,"79":0,"80":0,"81":0,"82":0,"83":0,"84":0,"85":0,"86":0,"87":0,"88":0,"89":0,"90":0,"91":0,"92":0,"93":0,"94":0,"95":0,"96":0,"97":0,"98":0,"99":0,"100":0,"101":0,"102":0,"103":0,"104":0,"105":0,"106":0,"107":0,"108":0,"109":0,"110":0,"111":0,"112":0,"113":0,"114":0,"115":0,"116":0,"117":0,"118":0,"119":0,"120":0,"121":0,"122":0,"123":0,"124":0,"125":0,"126":0,"127":0,"128":0,"129":0,"130":0,"131":0,"132":0,"133":1,"134":0,"135":0,"136":0,"137":0,"138":0,"139":1,"140":0,"141":1,"142":32,"143":1,"144":0,"145":0,"146":1,"147":0,"148":1,"149":0,"150":1,"151":0,"152":0,"153":0,"154":0,"155":0,"156":0,"157":0,"158":0,"159":0,"160":0,"161":0,"162":0,"163":0,"164":0,"165":0,"166":0,"167":1,"168":0,"169":1,"170":0,"171":0,"172":1,"173":1,"174":0,"175":0,"176":0,"177":0,"178":0,"179":0,"180":1,"181":0,"182":0,"183":0,"184":0,"185":0,"186":0,"187":0,"188":0,"189":0,"190":0,"191":0,"192":0,"193":0,"194":0,"195":0,"196":0,"197":1,"198":0,"199":0,"200":0,"201":0,"202":1,"203":0,"204":0,"205":0,"206":0,"207":0,"208":0,"209":0,"210":0,"211":0,"212":0,"213":0,"214":0,"215":0,"216":0,"217":0,"218":0,"219":0,"220":1,"221":0,"222":0,"223":0,"224":0,"225":0,"226":0,"227":0,"228":0,"229":0,"230":0,"231":0,"232":1,"233":0,"234":0,"235":0,"236":0,"237":1,"238":1,"239":0,"240":0,"241":1,"242":0,"243":0,"244":0,"245":0,"246":0,"247":0,"248":0,"249":0,"250":0,"251":0,"252":0,"253":1,"254":0,"255":0,"256":0,"257":0,"258":0,"259":0,"260":0,"261":0,"262":0,"263":0,"264":0,"265":0,"266":0,"267":0,"268":0,"269":0,"270":0,"271":0,"272":0,"273":0,"274":0,"275":0,"276":0,"277":0,"278":0,"279":0,"280":0,"281":0,"282":1,"283":0,"284":0,"285":0,"286":0,"287":0,"288":0,"289":0,"290":0,"291":0,"292":0,"293":0,"294":0,"295":0,"296":0,"297":1,"298":0,"299":0,"300":0,"301":0,"302":0,"303":0,"304":0,"305":1,"306":0,"307":0,"308":0,"309":0,"310":0,"311":0,"312":0,"313":0,"314":0,"315":0,"316":0,"317":0,"318":0,"319":0,"320":0,"321":0,"322":0,"323":0,"324":0,"325":0,"326":0,"327":0,"328":0,"329":0,"330":0,"331":0,"332":0,"333":0,"334":0,"335":0,"336":0,"337":0,"338":0,"339":0,"340":0,"341":0,"342":0,"343":0,"344":0,"345":0,"346":0,"347":0,"348":0,"349":0,"350":0,"351":0,"352":0,"353":0,"354":0,"355":0,"356":0,"357":0,"358":0,"359":0,"360":0,"361":0,"362":0,"363":0,"364":0,"365":0,"366":0,"367":0,"368":0,"369":0,"370":0,"371":0,"372":0,"373":0,"374":0,"375":0,"376":0,"377":0,"378":0,"379":0,"380":0,"381":1,"382":0,"383":0,"384":0,"385":0,"386":0,"387":0,"388":0,"389":0,"390":0,"391":0,"392":0,"393":0,"394":0,"395":0,"396":0,"397":0,"398":0,"399":0,"400":0,"401":0,"402":0,"403":0,"404":0,"405":0,"406":0,"407":0,"408":0,"409":0,"410":0,"411":0,"412":0,"413":0,"414":0,"415":0,"416":0,"417":0,"418":0,"419":0,"420":1,"421":0,"422":0,"423":0,"424":0,"425":0,"426":0,"427":0,"428":0,"429":0,"430":1,"431":0,"432":0,"433":0,"434":0,"435":0,"436":0,"437":1,"438":0,"439":0,"440":0,"441":0,"442":0,"443":0,"444":0,"445":0,"446":0,"447":0,"448":1,"449":0,"450":0,"451":0,"452":0,"453":0,"454":0,"455":0,"456":0,"457":0,"458":0,"459":0,"460":1,"461":0,"462":0,"463":0,"464":0,"465":0,"466":0,"467":0,"468":0,"469":0,"470":0,"471":0,"472":0,"473":0,"474":0,"475":0,"476":0,"477":0,"478":1,"479":0,"480":0,"481":0,"482":0,"483":0,"484":0,"485":0,"486":0,"487":0,"488":0,"489":0,"490":0,"491":0,"492":0,"493":0,"494":0,"495":0,"496":1,"497":0,"498":0,"499":0,"500":0,"501":0,"502":0,"503":0,"504":0,"505":0,"506":0,"507":0,"508":1,"509":0,"510":0,"511":0,"512":0,"513":0,"514":0,"515":0,"516":0,"517":0,"518":0,"519":0,"520":0,"521":1,"522":0,"523":0,"524":0,"525":0,"526":0,"527":0,"528":0,"529":1,"530":0,"531":0,"532":0,"533":0,"534":0,"535":1,"536":0,"537":0,"538":0,"539":0,"540":1,"541":0,"542":0,"543":0,"544":0,"545":0,"546":0,"547":1,"548":0,"549":0,"550":0,"551":0,"552":0,"553":0,"554":0,"555":0,"556":0,"557":0,"558":0,"559":0,"560":0,"561":0,"562":0,"563":1,"564":0,"565":0,"566":0,"567":0,"568":0,"569":1,"570":0,"571":0,"572":0,"573":0,"574":0,"575":0,"576":0,"577":1,"578":0,"579":0,"580":0,"581":0,"582":0,"583":0,"584":0,"585":1,"586":0,"587":0,"588":0,"589":0,"590":0,"591":0,"592":0,"593":0,"594":0,"595":0,"596":0,"597":0,"598":0,"599":0,"600":1,"601":0,"602":1,"603":0,"604":0,"605":0,"606":0,"607":0,"608":0,"609":0,"610":0,"611":0,"612":0,"613":0,"614":1,"615":0,"616":0,"617":0,"618":0,"619":0,"620":0,"621":0,"622":0,"623":0,"624":0,"625":0,"626":0,"627":1,"628":0,"629":0,"630":0,"631":0,"632":0,"633":0,"634":0,"635":1,"636":0,"637":0,"638":0,"639":0,"640":0,"641":0,"642":0,"643":0,"644":0,"645":0,"646":0,"647":0,"648":1,"649":0,"650":0,"651":0,"652":0,"653":0,"654":0,"655":0,"656":0,"657":0,"658":0,"659":0,"660":0,"661":0,"662":0,"663":0,"664":1,"665":0,"666":0,"667":0,"668":0,"669":0,"670":0,"671":0,"672":1,"673":0,"674":0,"675":1,"676":0,"677":0,"678":0,"679":0,"680":0,"681":0,"682":0,"683":0,"684":0,"685":0,"686":0,"687":0,"688":0,"689":0,"690":0,"691":0,"692":0,"693":0,"694":0,"695":0,"696":0,"697":0,"698":0,"699":0,"700":0,"701":0,"702":0,"703":0,"704":0,"705":0,"706":0,"707":0,"708":0,"709":1,"710":0,"711":0,"712":0,"713":0,"714":0,"715":0,"716":0,"717":0,"718":0,"719":0,"720":0,"721":0,"722":0,"723":0,"724":0,"725":0,"726":0,"727":0,"728":0,"729":1,"730":0,"731":1,"732":0,"733":0,"734":0,"735":0,"736":0,"737":0,"738":0,"739":0,"740":0,"741":0,"742":0,"743":0,"744":0,"745":0,"746":0,"747":0,"748":0,"749":0,"750":0,"751":0,"752":0,"753":0,"754":0,"755":0,"756":0,"757":0,"758":0,"759":0,"760":0,"761":0,"762":0,"763":0,"764":0,"765":0,"766":0,"767":0,"768":0,"769":0,"770":0,"771":1,"772":0,"773":0,"774":0,"775":0,"776":0,"777":0,"778":0,"779":0,"780":0,"781":0,"782":0,"783":0,"784":0,"785":0,"786":0,"787":0,"788":0,"789":0,"790":0,"791":0,"792":0,"793":0,"794":0,"795":1,"796":0,"797":0,"798":0,"799":0,"800":0,"801":1,"802":0,"803":0,"804":0,"805":0,"806":0,"807":0,"808":0,"809":0,"810":0,"811":0,"812":0,"813":0,"814":0,"815":0,"816":0,"817":0,"818":0,"819":0,"820":0,"821":0,"822":0,"823":0,"824":0,"825":0,"826":0,"827":0,"828":0,"829":0,"830":0,"831":0,"832":0,"833":0,"834":1,"835":0,"836":0,"837":0,"838":0,"839":0,"840":0,"841":0,"842":0,"843":1,"844":0,"845":0,"846":0,"847":0,"848":0,"849":0,"850":0,"851":0,"852":0,"853":0,"854":0,"855":0,"856":0,"857":0,"858":0,"859":0,"860":1,"861":0,"862":0,"863":0,"864":0,"865":0,"866":1,"867":0,"868":0,"869":0,"870":0,"871":0,"872":0,"873":0,"874":0,"875":0,"876":0,"877":0,"878":0,"879":0,"880":0,"881":1,"882":0,"883":0,"884":0,"885":1,"886":0,"887":0,"888":0,"889":0,"890":0,"891":0,"892":0,"893":1,"894":0,"895":0,"896":0,"897":0,"898":0,"899":0,"900":1,"901":0,"902":0,"903":1,"904":0,"905":0,"906":0,"907":0,"908":0,"909":0,"910":0,"911":0,"912":0,"913":0,"914":0,"915":0,"916":0,"917":0,"918":0,"919":0,"920":0,"921":0,"922":0,"923":0,"924":0,"925":0,"926":0,"927":0,"928":0,"929":0,"930":0,"931":0,"932":0,"933":0,"934":0,"935":0,"936":0,"937":0,"938":0,"939":0,"940":0,"941":0,"942":0,"943":0,"944":0,"945":0,"946":0,"947":0,"948":0,"949":0,"950":1,"951":0,"952":0,"953":0,"954":0,"955":0,"956":0,"957":1,"958":1,"959":1,"960":0,"961":0,"962":0,"963":0},"b":{"1":[0,3],"2":[66,0],"3":[22,0],"4":[0,0],"5":[0,0],"6":[0,0],"7":[32,0],"8":[32,0],"9":[0,0],"10":[0,0],"11":[0,0],"12":[0,0],"13":[0,0],"14":[0,0],"15":[0,0],"16":[0,0],"17":[0,0],"18":[0,0],"19":[0,0],"20":[0,0],"21":[0,0],"22":[0,0],"23":[0,0,0],"24":[0,0],"25":[0,0],"26":[0,0],"27":[0,0],"28":[0,0],"29":[0,0],"30":[0,0],"31":[0,0],"32":[0,0],"33":[0,0],"34":[0,0],"35":[0,0],"36":[0,0],"37":[0,0],"38":[0,0],"39":[0,1],"40":[32,0],"41":[0,0],"42":[0,0],"43":[0,0],"44":[0,0],"45":[0,0],"46":[0,0],"47":[0,0],"48":[0,0],"49":[0,0],"50":[0,0],"51":[0,0],"52":[0,0],"53":[0,0],"54":[0,0],"55":[0,0],"56":[0,0],"57":[0,0],"58":[0,0],"59":[0,0],"60":[0,0],"61":[0,0],"62":[0,0],"63":[0,0],"64":[0,0],"65":[0,1],"66":[0,0],"67":[0,0],"68":[0,0],"69":[0,0],"70":[0,0],"71":[0,0],"72":[0,0],"73":[0,0],"74":[0,0],"75":[0,0],"76":[0,0],"77":[0,0],"78":[0,0],"79":[0,0],"80":[0,0],"81":[0,0],"82":[0,0],"83":[0,0],"84":[0,0,0],"85":[0,0],"86":[0,0],"87":[0,0],"88":[0,0],"89":[0,0],"90":[0,0],"91":[0,0],"92":[0,0],"93":[0,0],"94":[0,0],"95":[0,0],"96":[0,0],"97":[0,0],"98":[0,0],"99":[0,0],"100":[0,0],"101":[0,0],"102":[0,0],"103":[0,0],"104":[0,0],"105":[0,0],"106":[0,0],"107":[0,0],"108":[0,0],"109":[0,0],"110":[0,0],"111":[0,0],"112":[0,0],"113":[0,0],"114":[0,0],"115":[0,0],"116":[0,0],"117":[0,0],"118":[0,0],"119":[0,0],"120":[0,0],"121":[0,0],"122":[0,0],"123":[0,0],"124":[0,0],"125":[0,0],"126":[0,0],"127":[0,0],"128":[0,0],"129":[0,0],"130":[0,0],"131":[0,0],"132":[0,0],"133":[0,0],"134":[0,0],"135":[0,0],"136":[0,0],"137":[0,0],"138":[0,0],"139":[0,0],"140":[0,0],"141":[0,0],"142":[0,0],"143":[0,0],"144":[0,0],"145":[0,0],"146":[0,0],"147":[0,0],"148":[0,0],"149":[0,0],"150":[0,0],"151":[0,0],"152":[0,0],"153":[0,0],"154":[0,0],"155":[0,0],"156":[0,0],"157":[0,0],"158":[0,0],"159":[0,0],"160":[0,0],"161":[0,0],"162":[0,0],"163":[0,0],"164":[0,0],"165":[0,0],"166":[0,0],"167":[0,0],"168":[0,0],"169":[0,0],"170":[0,0],"171":[0,0],"172":[0,0],"173":[0,0],"174":[0,0],"175":[0,0],"176":[0,0],"177":[0,0],"178":[0,0],"179":[0,0],"180":[0,0],"181":[0,0],"182":[0,0],"183":[0,0],"184":[0,0],"185":[0,0],"186":[0,0],"187":[0,0,0],"188":[0,0],"189":[0,0],"190":[0,0],"191":[0,0],"192":[0,0],"193":[0,0],"194":[0,0],"195":[0,0],"196":[0,0],"197":[0,0],"198":[0,0],"199":[1,0],"200":[1,1],"201":[0,0],"202":[0,0]},"f":{"1":1,"2":3,"3":1,"4":0,"5":0,"6":0,"7":0,"8":0,"9":0,"10":0,"11":0,"12":32,"13":0,"14":0,"15":0,"16":0,"17":0,"18":0,"19":32,"20":0,"21":0,"22":0,"23":0,"24":0,"25":0,"26":0,"27":0,"28":0,"29":0,"30":0,"31":0,"32":0,"33":0,"34":0,"35":0,"36":0,"37":0,"38":0,"39":0,"40":0,"41":0,"42":0,"43":0,"44":0,"45":0,"46":0,"47":0,"48":0,"49":0,"50":0,"51":0,"52":0,"53":0,"54":0,"55":0,"56":0,"57":0,"58":0,"59":0,"60":0,"61":0,"62":0,"63":0,"64":0,"65":0,"66":0,"67":0,"68":0,"69":0,"70":0,"71":0,"72":0,"73":0,"74":0,"75":0,"76":0,"77":0,"78":0,"79":0,"80":0,"81":0,"82":0,"83":0,"84":0,"85":0,"86":0,"87":0,"88":0,"89":0,"90":0,"91":0,"92":0,"93":0,"94":0,"95":0,"96":0,"97":0,"98":0,"99":0,"100":0,"101":0,"102":0,"103":0,"104":0,"105":0,"106":0,"107":0,"108":0,"109":0,"110":0,"111":0,"112":0,"113":0,"114":0,"115":0,"116":0,"117":0,"118":0,"119":0,"120":0,"121":0,"122":0,"123":0,"124":0,"125":0,"126":0,"127":0,"128":0,"129":0,"130":0,"131":0,"132":0,"133":0,"134":0,"135":0,"136":0,"137":0,"138":0,"139":0,"140":0,"141":0},"fnMap":{"1":{"name":"(anonymous_1)","line":2,"loc":{"start":{"line":2,"column":1},"end":{"line":2,"column":11}}},"2":{"name":"getDefaultOpts","line":7,"loc":{"start":{"line":7,"column":0},"end":{"line":7,"column":33}}},"3":{"name":"allOptionsOn","line":134,"loc":{"start":{"line":134,"column":0},"end":{"line":134,"column":25}}},"4":{"name":"(anonymous_4)","line":217,"loc":{"start":{"line":217,"column":21},"end":{"line":217,"column":43}}},"5":{"name":"(anonymous_5)","line":229,"loc":{"start":{"line":229,"column":21},"end":{"line":229,"column":36}}},"6":{"name":"(anonymous_6)","line":239,"loc":{"start":{"line":239,"column":22},"end":{"line":239,"column":34}}},"7":{"name":"(anonymous_7)","line":248,"loc":{"start":{"line":248,"column":24},"end":{"line":248,"column":36}}},"8":{"name":"(anonymous_8)","line":257,"loc":{"start":{"line":257,"column":21},"end":{"line":257,"column":37}}},"9":{"name":"(anonymous_9)","line":275,"loc":{"start":{"line":275,"column":21},"end":{"line":275,"column":33}}},"10":{"name":"(anonymous_10)","line":285,"loc":{"start":{"line":285,"column":28},"end":{"line":285,"column":44}}},"11":{"name":"(anonymous_11)","line":298,"loc":{"start":{"line":298,"column":29},"end":{"line":298,"column":47}}},"12":{"name":"(anonymous_12)","line":313,"loc":{"start":{"line":313,"column":21},"end":{"line":313,"column":43}}},"13":{"name":"(anonymous_13)","line":335,"loc":{"start":{"line":335,"column":21},"end":{"line":335,"column":42}}},"14":{"name":"(anonymous_14)","line":377,"loc":{"start":{"line":377,"column":28},"end":{"line":377,"column":40}}},"15":{"name":"(anonymous_15)","line":386,"loc":{"start":{"line":386,"column":27},"end":{"line":386,"column":43}}},"16":{"name":"(anonymous_16)","line":394,"loc":{"start":{"line":394,"column":27},"end":{"line":394,"column":39}}},"17":{"name":"validate","line":405,"loc":{"start":{"line":405,"column":0},"end":{"line":405,"column":36}}},"18":{"name":"(anonymous_18)","line":512,"loc":{"start":{"line":512,"column":29},"end":{"line":512,"column":44}}},"19":{"name":"(anonymous_19)","line":537,"loc":{"start":{"line":537,"column":27},"end":{"line":537,"column":40}}},"20":{"name":"(anonymous_20)","line":548,"loc":{"start":{"line":548,"column":29},"end":{"line":548,"column":42}}},"21":{"name":"(anonymous_21)","line":560,"loc":{"start":{"line":560,"column":26},"end":{"line":560,"column":39}}},"22":{"name":"(anonymous_22)","line":571,"loc":{"start":{"line":571,"column":30},"end":{"line":571,"column":47}}},"23":{"name":"(anonymous_23)","line":583,"loc":{"start":{"line":583,"column":26},"end":{"line":583,"column":51}}},"24":{"name":"(anonymous_24)","line":621,"loc":{"start":{"line":621,"column":29},"end":{"line":621,"column":42}}},"25":{"name":"escapeCharactersCallback","line":626,"loc":{"start":{"line":626,"column":0},"end":{"line":626,"column":51}}},"26":{"name":"(anonymous_26)","line":649,"loc":{"start":{"line":649,"column":35},"end":{"line":649,"column":82}}},"27":{"name":"(anonymous_27)","line":665,"loc":{"start":{"line":665,"column":22},"end":{"line":665,"column":57}}},"28":{"name":"(anonymous_28)","line":732,"loc":{"start":{"line":732,"column":39},"end":{"line":732,"column":74}}},"29":{"name":"(anonymous_29)","line":758,"loc":{"start":{"line":758,"column":41},"end":{"line":758,"column":89}}},"30":{"name":"(anonymous_30)","line":763,"loc":{"start":{"line":763,"column":18},"end":{"line":763,"column":30}}},"31":{"name":"(anonymous_31)","line":807,"loc":{"start":{"line":807,"column":37},"end":{"line":807,"column":53}}},"32":{"name":"(anonymous_32)","line":810,"loc":{"start":{"line":810,"column":4},"end":{"line":810,"column":18}}},"33":{"name":"(anonymous_33)","line":813,"loc":{"start":{"line":813,"column":4},"end":{"line":813,"column":18}}},"34":{"name":"(anonymous_34)","line":816,"loc":{"start":{"line":816,"column":4},"end":{"line":816,"column":18}}},"35":{"name":"(anonymous_35)","line":821,"loc":{"start":{"line":821,"column":28},"end":{"line":821,"column":42}}},"36":{"name":"(anonymous_36)","line":844,"loc":{"start":{"line":844,"column":10},"end":{"line":844,"column":25}}},"37":{"name":"(anonymous_37)","line":848,"loc":{"start":{"line":848,"column":9},"end":{"line":848,"column":24}}},"38":{"name":"(anonymous_38)","line":852,"loc":{"start":{"line":852,"column":11},"end":{"line":852,"column":26}}},"39":{"name":"(anonymous_39)","line":877,"loc":{"start":{"line":877,"column":21},"end":{"line":877,"column":49}}},"40":{"name":"_constructor","line":920,"loc":{"start":{"line":920,"column":2},"end":{"line":920,"column":27}}},"41":{"name":"_parseExtension","line":952,"loc":{"start":{"line":952,"column":2},"end":{"line":952,"column":39}}},"42":{"name":"legacyExtensionLoading","line":1016,"loc":{"start":{"line":1016,"column":2},"end":{"line":1016,"column":46}}},"43":{"name":"listen","line":1048,"loc":{"start":{"line":1048,"column":2},"end":{"line":1048,"column":35}}},"44":{"name":"rTrimInputText","line":1063,"loc":{"start":{"line":1063,"column":2},"end":{"line":1063,"column":33}}},"45":{"name":"dispatch","line":1078,"loc":{"start":{"line":1078,"column":19},"end":{"line":1078,"column":71}}},"46":{"name":"(anonymous_46)","line":1096,"loc":{"start":{"line":1096,"column":16},"end":{"line":1096,"column":42}}},"47":{"name":"(anonymous_47)","line":1106,"loc":{"start":{"line":1106,"column":18},"end":{"line":1106,"column":34}}},"48":{"name":"(anonymous_48)","line":1163,"loc":{"start":{"line":1163,"column":44},"end":{"line":1163,"column":59}}},"49":{"name":"(anonymous_49)","line":1184,"loc":{"start":{"line":1184,"column":45},"end":{"line":1184,"column":60}}},"50":{"name":"(anonymous_50)","line":1196,"loc":{"start":{"line":1196,"column":19},"end":{"line":1196,"column":41}}},"51":{"name":"(anonymous_51)","line":1205,"loc":{"start":{"line":1205,"column":19},"end":{"line":1205,"column":34}}},"52":{"name":"(anonymous_52)","line":1213,"loc":{"start":{"line":1213,"column":20},"end":{"line":1213,"column":32}}},"53":{"name":"(anonymous_53)","line":1222,"loc":{"start":{"line":1222,"column":22},"end":{"line":1222,"column":49}}},"54":{"name":"(anonymous_54)","line":1231,"loc":{"start":{"line":1231,"column":22},"end":{"line":1231,"column":47}}},"55":{"name":"(anonymous_55)","line":1239,"loc":{"start":{"line":1239,"column":19},"end":{"line":1239,"column":35}}},"56":{"name":"(anonymous_56)","line":1256,"loc":{"start":{"line":1256,"column":19},"end":{"line":1256,"column":31}}},"57":{"name":"(anonymous_57)","line":1266,"loc":{"start":{"line":1266,"column":25},"end":{"line":1266,"column":46}}},"58":{"name":"(anonymous_58)","line":1289,"loc":{"start":{"line":1289,"column":26},"end":{"line":1289,"column":38}}},"59":{"name":"(anonymous_59)","line":1300,"loc":{"start":{"line":1300,"column":30},"end":{"line":1300,"column":64}}},"60":{"name":"(anonymous_60)","line":1305,"loc":{"start":{"line":1305,"column":23},"end":{"line":1305,"column":73}}},"61":{"name":"(anonymous_61)","line":1368,"loc":{"start":{"line":1368,"column":78},"end":{"line":1368,"column":124}}},"62":{"name":"(anonymous_62)","line":1386,"loc":{"start":{"line":1386,"column":32},"end":{"line":1386,"column":66}}},"63":{"name":"replaceLink","line":1411,"loc":{"start":{"line":1411,"column":2},"end":{"line":1411,"column":63}}},"64":{"name":"replaceMail","line":1423,"loc":{"start":{"line":1423,"column":2},"end":{"line":1423,"column":45}}},"65":{"name":"(anonymous_65)","line":1445,"loc":{"start":{"line":1445,"column":33},"end":{"line":1445,"column":67}}},"66":{"name":"(anonymous_66)","line":1474,"loc":{"start":{"line":1474,"column":34},"end":{"line":1474,"column":68}}},"67":{"name":"(anonymous_67)","line":1479,"loc":{"start":{"line":1479,"column":61},"end":{"line":1479,"column":87}}},"68":{"name":"(anonymous_68)","line":1495,"loc":{"start":{"line":1495,"column":50},"end":{"line":1495,"column":76}}},"69":{"name":"(anonymous_69)","line":1513,"loc":{"start":{"line":1513,"column":33},"end":{"line":1513,"column":67}}},"70":{"name":"(anonymous_70)","line":1522,"loc":{"start":{"line":1522,"column":31},"end":{"line":1522,"column":61}}},"71":{"name":"(anonymous_71)","line":1574,"loc":{"start":{"line":1574,"column":32},"end":{"line":1574,"column":66}}},"72":{"name":"(anonymous_72)","line":1583,"loc":{"start":{"line":1583,"column":4},"end":{"line":1583,"column":38}}},"73":{"name":"(anonymous_73)","line":1599,"loc":{"start":{"line":1599,"column":28},"end":{"line":1599,"column":62}}},"74":{"name":"(anonymous_74)","line":1610,"loc":{"start":{"line":1610,"column":36},"end":{"line":1610,"column":62}}},"75":{"name":"(anonymous_75)","line":1633,"loc":{"start":{"line":1633,"column":42},"end":{"line":1633,"column":76}}},"76":{"name":"(anonymous_76)","line":1665,"loc":{"start":{"line":1665,"column":45},"end":{"line":1665,"column":79}}},"77":{"name":"(anonymous_77)","line":1681,"loc":{"start":{"line":1681,"column":33},"end":{"line":1681,"column":67}}},"78":{"name":"(anonymous_78)","line":1704,"loc":{"start":{"line":1704,"column":60},"end":{"line":1704,"column":94}}},"79":{"name":"(anonymous_79)","line":1712,"loc":{"start":{"line":1712,"column":29},"end":{"line":1712,"column":51}}},"80":{"name":"(anonymous_80)","line":1732,"loc":{"start":{"line":1732,"column":39},"end":{"line":1732,"column":73}}},"81":{"name":"(anonymous_81)","line":1744,"loc":{"start":{"line":1744,"column":59},"end":{"line":1744,"column":102}}},"82":{"name":"(anonymous_82)","line":1769,"loc":{"start":{"line":1769,"column":32},"end":{"line":1769,"column":66}}},"83":{"name":"(anonymous_83)","line":1781,"loc":{"start":{"line":1781,"column":35},"end":{"line":1781,"column":69}}},"84":{"name":"(anonymous_84)","line":1785,"loc":{"start":{"line":1785,"column":16},"end":{"line":1785,"column":58}}},"85":{"name":"(anonymous_85)","line":1797,"loc":{"start":{"line":1797,"column":34},"end":{"line":1797,"column":68}}},"86":{"name":"(anonymous_86)","line":1800,"loc":{"start":{"line":1800,"column":9},"end":{"line":1800,"column":35}}},"87":{"name":"(anonymous_87)","line":1817,"loc":{"start":{"line":1817,"column":37},"end":{"line":1817,"column":71}}},"88":{"name":"(anonymous_88)","line":1857,"loc":{"start":{"line":1857,"column":16},"end":{"line":1857,"column":58}}},"89":{"name":"(anonymous_89)","line":1876,"loc":{"start":{"line":1876,"column":54},"end":{"line":1876,"column":69}}},"90":{"name":"(anonymous_90)","line":1891,"loc":{"start":{"line":1891,"column":36},"end":{"line":1891,"column":70}}},"91":{"name":"hashHTMLSpan","line":1895,"loc":{"start":{"line":1895,"column":2},"end":{"line":1895,"column":31}}},"92":{"name":"(anonymous_92)","line":1900,"loc":{"start":{"line":1900,"column":38},"end":{"line":1900,"column":52}}},"93":{"name":"(anonymous_93)","line":1905,"loc":{"start":{"line":1905,"column":51},"end":{"line":1905,"column":65}}},"94":{"name":"(anonymous_94)","line":1910,"loc":{"start":{"line":1910,"column":59},"end":{"line":1910,"column":73}}},"95":{"name":"(anonymous_95)","line":1915,"loc":{"start":{"line":1915,"column":36},"end":{"line":1915,"column":50}}},"96":{"name":"(anonymous_96)","line":1928,"loc":{"start":{"line":1928,"column":38},"end":{"line":1928,"column":72}}},"97":{"name":"(anonymous_97)","line":1955,"loc":{"start":{"line":1955,"column":38},"end":{"line":1955,"column":72}}},"98":{"name":"(anonymous_98)","line":1959,"loc":{"start":{"line":1959,"column":16},"end":{"line":1959,"column":58}}},"99":{"name":"(anonymous_99)","line":1972,"loc":{"start":{"line":1972,"column":30},"end":{"line":1972,"column":64}}},"100":{"name":"(anonymous_100)","line":1990,"loc":{"start":{"line":1990,"column":37},"end":{"line":1990,"column":63}}},"101":{"name":"(anonymous_101)","line":1999,"loc":{"start":{"line":1999,"column":37},"end":{"line":1999,"column":63}}},"102":{"name":"(anonymous_102)","line":2016,"loc":{"start":{"line":2016,"column":32},"end":{"line":2016,"column":62}}},"103":{"name":"headerId","line":2025,"loc":{"start":{"line":2025,"column":2},"end":{"line":2025,"column":24}}},"104":{"name":"(anonymous_104)","line":2068,"loc":{"start":{"line":2068,"column":37},"end":{"line":2068,"column":71}}},"105":{"name":"(anonymous_105)","line":2084,"loc":{"start":{"line":2084,"column":29},"end":{"line":2084,"column":63}}},"106":{"name":"writeImageTag","line":2092,"loc":{"start":{"line":2092,"column":2},"end":{"line":2092,"column":86}}},"107":{"name":"(anonymous_107)","line":2164,"loc":{"start":{"line":2164,"column":37},"end":{"line":2164,"column":71}}},"108":{"name":"(anonymous_108)","line":2179,"loc":{"start":{"line":2179,"column":47},"end":{"line":2179,"column":64}}},"109":{"name":"(anonymous_109)","line":2182,"loc":{"start":{"line":2182,"column":45},"end":{"line":2182,"column":62}}},"110":{"name":"(anonymous_110)","line":2185,"loc":{"start":{"line":2185,"column":47},"end":{"line":2185,"column":64}}},"111":{"name":"(anonymous_111)","line":2192,"loc":{"start":{"line":2192,"column":51},"end":{"line":2192,"column":68}}},"112":{"name":"(anonymous_112)","line":2195,"loc":{"start":{"line":2195,"column":47},"end":{"line":2195,"column":64}}},"113":{"name":"(anonymous_113)","line":2198,"loc":{"start":{"line":2198,"column":47},"end":{"line":2198,"column":64}}},"114":{"name":"(anonymous_114)","line":2210,"loc":{"start":{"line":2210,"column":28},"end":{"line":2210,"column":62}}},"115":{"name":"processListItems","line":2221,"loc":{"start":{"line":2221,"column":2},"end":{"line":2221,"column":52}}},"116":{"name":"(anonymous_116)","line":2260,"loc":{"start":{"line":2260,"column":35},"end":{"line":2260,"column":91}}},"117":{"name":"(anonymous_117)","line":2269,"loc":{"start":{"line":2269,"column":51},"end":{"line":2269,"column":63}}},"118":{"name":"(anonymous_118)","line":2287,"loc":{"start":{"line":2287,"column":58},"end":{"line":2287,"column":73}}},"119":{"name":"parseConsecutiveLists","line":2341,"loc":{"start":{"line":2341,"column":2},"end":{"line":2341,"column":64}}},"120":{"name":"parseCL","line":2350,"loc":{"start":{"line":2350,"column":7},"end":{"line":2350,"column":30}}},"121":{"name":"(anonymous_121)","line":2379,"loc":{"start":{"line":2379,"column":6},"end":{"line":2379,"column":38}}},"122":{"name":"(anonymous_122)","line":2386,"loc":{"start":{"line":2386,"column":6},"end":{"line":2386,"column":42}}},"123":{"name":"(anonymous_123)","line":2402,"loc":{"start":{"line":2402,"column":30},"end":{"line":2402,"column":64}}},"124":{"name":"(anonymous_124)","line":2420,"loc":{"start":{"line":2420,"column":33},"end":{"line":2420,"column":67}}},"125":{"name":"(anonymous_125)","line":2491,"loc":{"start":{"line":2491,"column":35},"end":{"line":2491,"column":74}}},"126":{"name":"(anonymous_126)","line":2513,"loc":{"start":{"line":2513,"column":32},"end":{"line":2513,"column":66}}},"127":{"name":"(anonymous_127)","line":2552,"loc":{"start":{"line":2552,"column":36},"end":{"line":2552,"column":70}}},"128":{"name":"(anonymous_128)","line":2569,"loc":{"start":{"line":2569,"column":43},"end":{"line":2569,"column":77}}},"129":{"name":"(anonymous_129)","line":2577,"loc":{"start":{"line":2577,"column":29},"end":{"line":2577,"column":98}}},"130":{"name":"(anonymous_130)","line":2607,"loc":{"start":{"line":2607,"column":29},"end":{"line":2607,"column":63}}},"131":{"name":"parseStyles","line":2616,"loc":{"start":{"line":2616,"column":2},"end":{"line":2616,"column":31}}},"132":{"name":"parseHeaders","line":2628,"loc":{"start":{"line":2628,"column":2},"end":{"line":2628,"column":40}}},"133":{"name":"parseCells","line":2639,"loc":{"start":{"line":2639,"column":2},"end":{"line":2639,"column":36}}},"134":{"name":"buildTable","line":2644,"loc":{"start":{"line":2644,"column":2},"end":{"line":2644,"column":39}}},"135":{"name":"(anonymous_135)","line":2666,"loc":{"start":{"line":2666,"column":32},"end":{"line":2666,"column":52}}},"136":{"name":"(anonymous_136)","line":2680,"loc":{"start":{"line":2680,"column":50},"end":{"line":2680,"column":63}}},"137":{"name":"(anonymous_137)","line":2681,"loc":{"start":{"line":2681,"column":49},"end":{"line":2681,"column":62}}},"138":{"name":"(anonymous_138)","line":2697,"loc":{"start":{"line":2697,"column":15},"end":{"line":2697,"column":28}}},"139":{"name":"(anonymous_139)","line":2740,"loc":{"start":{"line":2740,"column":43},"end":{"line":2740,"column":77}}},"140":{"name":"(anonymous_140)","line":2744,"loc":{"start":{"line":2744,"column":35},"end":{"line":2744,"column":61}}},"141":{"name":"(anonymous_141)","line":2761,"loc":{"start":{"line":2761,"column":9},"end":{"line":2761,"column":21}}}},"statementMap":{"1":{"start":{"line":2,"column":0},"end":{"line":2770,"column":14}},"2":{"start":{"line":7,"column":0},"end":{"line":132,"column":1}},"3":{"start":{"line":10,"column":2},"end":{"line":121,"column":4}},"4":{"start":{"line":122,"column":2},"end":{"line":124,"column":3}},"5":{"start":{"line":123,"column":4},"end":{"line":123,"column":54}},"6":{"start":{"line":125,"column":2},"end":{"line":125,"column":15}},"7":{"start":{"line":126,"column":2},"end":{"line":130,"column":3}},"8":{"start":{"line":127,"column":4},"end":{"line":129,"column":5}},"9":{"start":{"line":128,"column":6},"end":{"line":128,"column":50}},"10":{"start":{"line":131,"column":2},"end":{"line":131,"column":13}},"11":{"start":{"line":134,"column":0},"end":{"line":144,"column":1}},"12":{"start":{"line":136,"column":2},"end":{"line":137,"column":15}},"13":{"start":{"line":138,"column":2},"end":{"line":142,"column":3}},"14":{"start":{"line":139,"column":4},"end":{"line":141,"column":5}},"15":{"start":{"line":140,"column":6},"end":{"line":140,"column":22}},"16":{"start":{"line":143,"column":2},"end":{"line":143,"column":13}},"17":{"start":{"line":151,"column":0},"end":{"line":196,"column":6}},"18":{"start":{"line":202,"column":0},"end":{"line":202,"column":21}},"19":{"start":{"line":208,"column":0},"end":{"line":208,"column":25}},"20":{"start":{"line":217,"column":0},"end":{"line":221,"column":2}},"21":{"start":{"line":219,"column":2},"end":{"line":219,"column":29}},"22":{"start":{"line":220,"column":2},"end":{"line":220,"column":14}},"23":{"start":{"line":229,"column":0},"end":{"line":232,"column":2}},"24":{"start":{"line":231,"column":2},"end":{"line":231,"column":28}},"25":{"start":{"line":239,"column":0},"end":{"line":242,"column":2}},"26":{"start":{"line":241,"column":2},"end":{"line":241,"column":23}},"27":{"start":{"line":248,"column":0},"end":{"line":251,"column":2}},"28":{"start":{"line":250,"column":2},"end":{"line":250,"column":39}},"29":{"start":{"line":257,"column":0},"end":{"line":269,"column":2}},"30":{"start":{"line":259,"column":2},"end":{"line":261,"column":3}},"31":{"start":{"line":260,"column":4},"end":{"line":260,"column":48}},"32":{"start":{"line":262,"column":2},"end":{"line":262,"column":28}},"33":{"start":{"line":263,"column":2},"end":{"line":263,"column":19}},"34":{"start":{"line":264,"column":2},"end":{"line":268,"column":3}},"35":{"start":{"line":265,"column":4},"end":{"line":267,"column":5}},"36":{"start":{"line":266,"column":6},"end":{"line":266,"column":45}},"37":{"start":{"line":275,"column":0},"end":{"line":278,"column":2}},"38":{"start":{"line":277,"column":2},"end":{"line":277,"column":19}},"39":{"start":{"line":285,"column":0},"end":{"line":290,"column":2}},"40":{"start":{"line":287,"column":2},"end":{"line":289,"column":3}},"41":{"start":{"line":288,"column":4},"end":{"line":288,"column":24}},"42":{"start":{"line":298,"column":0},"end":{"line":301,"column":2}},"43":{"start":{"line":300,"column":2},"end":{"line":300,"column":32}},"44":{"start":{"line":313,"column":0},"end":{"line":326,"column":2}},"45":{"start":{"line":315,"column":2},"end":{"line":325,"column":3}},"46":{"start":{"line":316,"column":4},"end":{"line":324,"column":5}},"47":{"start":{"line":317,"column":6},"end":{"line":317,"column":27}},"48":{"start":{"line":319,"column":6},"end":{"line":323,"column":7
[...]
klab: clean up hack","  text = text.replace(/¨0/g, '');","","  text = globals.converter._dispatch('outdent.after', text, options, globals);","  return text;","});","","/**"," *"," */","showdown.subParser('paragraphs', function (text, options, globals) {","  'use strict';","","  text = globals.converter._dispatch('paragraphs.before', text, options, globals);","  // Strip leading and trailing lines:","  text = text.replace(/^\\n+/g, '');","  text = text.replace(/\\n+$/g, '');","","  var grafs = text.split(/\\n{2,}/g),","      grafsOut = [],","      end = grafs.length; // Wrap <p> tags","","  for (var i = 0; i < end; i++) {","    var str = grafs[i];","    // if this is an HTML marker, copy it","    if (str.search(/¨(K|G)(\\d+)\\1/g) >= 0) {","      grafsOut.push(str);","","    // test for presence of characters to prevent empty lines being parsed","    // as paragraphs (resulting in undesired extra empty paragraphs)","    } else if (str.search(/\\S/) >= 0) {","      str = showdown.subParser('spanGamut')(str, options, globals);","      str = str.replace(/^([ \\t]*)/g, '<p>');","      str += '</p>';","      grafsOut.push(str);","    }","  }","","  /** Unhashify HTML blocks */","  end = grafsOut.length;","  for (i = 0; i < end; i++) {","    var blockText = '',","        grafsOutIt = grafsOut[i],","        codeFlag = false;","    // if this is a marker for an html block...","    // use RegExp.test instead of string.search because of QML bug","    while (/¨(K|G)(\\d+)\\1/.test(grafsOutIt)) {","      var delim = RegExp.$1,","          num   = RegExp.$2;","","      if (delim === 'K') {","        blockText = globals.gHtmlBlocks[num];","      } else {","        // we need to check if ghBlock is a false positive","        if (codeFlag) {","          // use encoded version of all text","          blockText = showdown.subParser('encodeCode')(globals.ghCodeBlocks[num].text, options, globals);","        } else {","          blockText = globals.ghCodeBlocks[num].codeblock;","        }","      }","      blockText = blockText.replace(/\\$/g, '$$$$'); // Escape any dollar signs","","      grafsOutIt = grafsOutIt.replace(/(\\n\\n)?¨(K|G)\\d+\\2(\\n\\n)?/, blockText);","      // Check if grafsOutIt is a pre->code","      if (/^<pre\\b[^>]*>\\s*<code\\b[^>]*>/.test(grafsOutIt)) {","        codeFlag = true;","      }","    }","    grafsOut[i] = grafsOutIt;","  }","  text = grafsOut.join('\\n');","  // Strip leading and trailing lines:","  text = text.replace(/^\\n+/g, '');","  text = text.replace(/\\n+$/g, '');","  return globals.converter._dispatch('paragraphs.after', text, options, globals);","});","","/**"," * Run extension"," */","showdown.subParser('runExtension', function (ext, text, options, globals) {","  'use strict';","","  if (ext.filter) {","    text = ext.filter(text, globals.converter, options);","","  } else if (ext.regex) {","    // TODO remove this when old extension loading mechanism is deprecated","    var re = ext.regex;","    if (!(re instanceof RegExp)) {","      re = new RegExp(re, 'g');","    }","    text = text.replace(re, ext.replace);","  }","","  return text;","});","","/**"," * These are all the transformations that occur *within* block-level"," * tags like paragraphs, headers, and list items."," */","showdown.subParser('spanGamut', function (text, options, globals) {","  'use strict';","","  text = globals.converter._dispatch('spanGamut.before', text, options, globals);","  text = showdown.subParser('codeSpans')(text, options, globals);","  text = showdown.subParser('escapeSpecialCharsWithinTagAttributes')(text, options, globals);","  text = showdown.subParser('encodeBackslashEscapes')(text, options, globals);","","  // Process anchor and image tags. Images must come first,","  // because ![foo][f] looks like an anchor.","  text = showdown.subParser('images')(text, options, globals);","  text = showdown.subParser('anchors')(text, options, globals);","","  // Make links out of things like `<http://example.com/>`","  // Must come after _DoAnchors(), because you can use < and >","  // delimiters in inline links like [this](<url>).","  text = showdown.subParser('autoLinks')(text, options, globals);","  text = showdown.subParser('italicsAndBold')(text, options, globals);","  text = showdown.subParser('strikethrough')(text, options, globals);","","  // we need to hash HTML tags inside spans","  text = showdown.subParser('hashHTMLSpans')(text, options, globals);","","  // now we encode amps and angles","  text = showdown.subParser('encodeAmpsAndAngles')(text, options, globals);","","  // Do hard breaks","  if (options.simpleLineBreaks) {","    // GFM style hard breaks","    text = text.replace(/\\n/g, '<br />\\n');","  } else {","    // Vanilla hard breaks","    text = text.replace(/  +\\n/g, '<br />\\n');","  }","","  text = globals.converter._dispatch('spanGamut.after', text, options, globals);","  return text;","});","","showdown.subParser('strikethrough', function (text, options, globals) {","  'use strict';","","  if (options.strikethrough) {","    text = globals.converter._dispatch('strikethrough.before', text, options, globals);","    text = text.replace(/(?:~){2}([\\s\\S]+?)(?:~){2}/g, '<del>$1</del>');","    text = globals.converter._dispatch('strikethrough.after', text, options, globals);","  }","","  return text;","});","","/**"," * Strips link definitions from text, stores the URLs and titles in"," * hash references."," * Link defs are in the form: ^[id]: url \"optional title\""," */","showdown.subParser('stripLinkDefinitions', function (text, options, globals) {","  'use strict';","","  var regex = /^ {0,3}\\[(.+)]:[ \\t]*\\n?[ \\t]*<?(\\S+?)>?(?: =([*\\d]+[A-Za-z%]{0,4})x([*\\d]+[A-Za-z%]{0,4}))?[ \\t]*\\n?[ \\t]*(?:(\\n*)[\"|'(](.+?)[\"|')][ \\t]*)?(?:\\n+|(?=¨0))/gm;","","  // attacklab: sentinel workarounds for lack of \\A and \\Z, safari\\khtml bug","  text += '¨0';","","  text = text.replace(regex, function (wholeMatch, linkId, url, width, height, blankLines, title) {","    linkId = linkId.toLowerCase();","    globals.gUrls[linkId] = showdown.subParser('encodeAmpsAndAngles')(url, options, globals);  // Link IDs are case-insensitive","","    if (blankLines) {","      // Oops, found blank lines, so it's not a title.","      // Put back the parenthetical statement we stole.","      return blankLines + title;","","    } else {","      if (title) {","        globals.gTitles[linkId] = title.replace(/\"|'/g, '&quot;');","      }","      if (options.parseImgDimensions && width && height) {","        globals.gDimensions[linkId] = {","          width:  width,","          height: height","        };","      }","    }","    // Completely remove the definition from the text","    return '';","  });","","  // attacklab: strip sentinel","  text = text.replace(/¨0/, '');","","  return text;","});","","showdown.subParser('tables', function (text, options, globals) {","  'use strict';","","  if (!options.tables) {","    return text;","  }","","  var tableRgx = /^ {0,3}\\|?.+\\|.+\\n[ \\t]{0,3}\\|?[ \\t]*:?[ \\t]*(?:-|=){2,}[ \\t]*:?[ \\t]*\\|[ \\t]*:?[ \\t]*(?:-|=){2,}[\\s\\S]+?(?:\\n\\n|¨0)/gm;","","  function parseStyles (sLine) {","    if (/^:[ \\t]*--*$/.test(sLine)) {","      return ' style=\"text-align:left;\"';","    } else if (/^--*[ \\t]*:[ \\t]*$/.test(sLine)) {","      return ' style=\"text-align:right;\"';","    } else if (/^:[ \\t]*--*[ \\t]*:$/.test(sLine)) {","      return ' style=\"text-align:center;\"';","    } else {","      return '';","    }","  }","","  function parseHeaders (header, style) {","    var id = '';","    header = header.trim();","    if (options.tableHeaderId) {","      id = ' id=\"' + header.replace(/ /g, '_').toLowerCase() + '\"';","    }","    header = showdown.subParser('spanGamut')(header, options, globals);","","    return '<th' + id + style + '>' + header + '</th>\\n';","  }","","  function parseCells (cell, style) {","    var subText = showdown.subParser('spanGamut')(cell, options, globals);","    return '<td' + style + '>' + subText + '</td>\\n';","  }","","  function buildTable (headers, cells) {","    var tb = '<table>\\n<thead>\\n<tr>\\n',","        tblLgn = headers.length;","","    for (var i = 0; i < tblLgn; ++i) {","      tb += headers[i];","    }","    tb += '</tr>\\n</thead>\\n<tbody>\\n';","","    for (i = 0; i < cells.length; ++i) {","      tb += '<tr>\\n';","      for (var ii = 0; ii < tblLgn; ++ii) {","        tb += cells[i][ii];","      }","      tb += '</tr>\\n';","    }","    tb += '</tbody>\\n</table>\\n';","    return tb;","  }","","  text = globals.converter._dispatch('tables.before', text, options, globals);","","  text = text.replace(tableRgx, function (rawTable) {","","    var i, tableLines = rawTable.split('\\n');","","    // strip wrong first and last column if wrapped tables are used","    for (i = 0; i < tableLines.length; ++i) {","      if (/^ {0,3}\\|/.test(tableLines[i])) {","        tableLines[i] = tableLines[i].replace(/^ {0,3}\\|/, '');","      }","      if (/\\|[ \\t]*$/.test(tableLines[i])) {","        tableLines[i] = tableLines[i].replace(/\\|[ \\t]*$/, '');","      }","    }","","    var rawHeaders = tableLines[0].split('|').map(function (s) { return s.trim();}),","        rawStyles = tableLines[1].split('|').map(function (s) { return s.trim();}),","        rawCells = [],","        headers = [],","        styles = [],","        cells = [];","","    tableLines.shift();","    tableLines.shift();","","    for (i = 0; i < tableLines.length; ++i) {","      if (tableLines[i].trim() === '') {","        continue;","      }","      rawCells.push(","        tableLines[i]","          .split('|')","          .map(function (s) {","            return s.trim();","          })","      );","    }","","    if (rawHeaders.length < rawStyles.length) {","      return rawTable;","    }","","    for (i = 0; i < rawStyles.length; ++i) {","      styles.push(parseStyles(rawStyles[i]));","    }","","    for (i = 0; i < rawHeaders.length; ++i) {","      if (showdown.helper.isUndefined(styles[i])) {","        styles[i] = '';","      }","      headers.push(parseHeaders(rawHeaders[i], styles[i]));","    }","","    for (i = 0; i < rawCells.length; ++i) {","      var row = [];","      for (var ii = 0; ii < headers.length; ++ii) {","        if (showdown.helper.isUndefined(rawCells[i][ii])) {","","        }","        row.push(parseCells(rawCells[i][ii], styles[ii]));","      }","      cells.push(row);","    }","","    return buildTable(headers, cells);","  });","","  text = globals.converter._dispatch('tables.after', text, options, globals);","","  return text;","});","","/**"," * Swap back in all the special characters we've hidden."," */","showdown.subParser('unescapeSpecialChars', function (text, options, globals) {","  'use strict';","  text = globals.converter._dispatch('unescapeSpecialChars.before', text, options, globals);","","  text = text.replace(/¨E(\\d+)E/g, function (wholeMatch, m1) {","    var charCodeToReplace = parseInt(m1);","    return String.fromCharCode(charCodeToReplace);","  });","","  text = globals.converter._dispatch('unescapeSpecialChars.after', text, options, globals);","  return text;","});","","var root = this;","","// CommonJS/nodeJS Loader","if (typeof module !== 'undefined' && module.exports) {","  module.exports = showdown;","","// AMD Loader","} else if (typeof define === 'function' && define.amd) {","  define(function () {","    'use strict';","    return showdown;","  });","","// Regular Browser loader","} else {","  root.showdown = showdown;","}","}).call(this);","","//# sourceMappingURL=showdown.js.map",""],"l":{"2":1,"7":1,"10":3,"122":3,"123":0,"125":3,"126":3,"127":66,"128":66,"131":3,"134":1,"136":1,"138":1,"139":22,"140":22,"143":1,"151":1,"202":1,"208":1,"217":1,"219":0,"220":0,"229":1,"231":0,"239":1,"241":0,"248":1,"250":0,"257":1,"259":0,"260":0,"262":0,"263":0,"264":0,"265":0,"266":0,"275":1,"277":0,"285":1,"287":0,"288":0,"298":1,"300":0,"313":1,"315":32,"316":32,"317":32,"319":0,"320":0,"322":0,"335":1,"338":0,"339":0,"342":0,"345":0,"346":0,"347":0,"349":0,"354":0,"355":0,"359":0,"360":0,"363":0,"365":0,"366":0,"368":0,"377":1,"379":0,"386":1,"388":0,"394":1,"396":0,"405":1,"408":0,"414":0,"415":0,"418":0,"419":0,"421":0,"422":0,"423":0,"424":0,"427":0,"428":0,"429":0,"430":0,"433":0,"436":0,"437":0,"440":0,"441":0,"444":0,"445":0,"446":0,"447":0,"450":0,"451":0,"452":0,"453":0,"454":0,"457":0,"458":0,"459":0,"460":0,"464":0,"465":0,"466":0,"467":0,"468":0,"470":0,"471":0,"472":0,"473":0,"474":0,"476":0,"482":0,"483":0,"484":0,"485":0,"486":0,"488":0,"489":0,"490":0,"492":0,"493":0,"494":0,"495":0,"497":0,"498":0,"499":0,"500":0,"504":0,"512":1,"515":0,"516":0,"517":0,"518":0,"520":0,"527":1,"528":0,"537":1,"539":32,"548":1,"550":0,"551":0,"560":1,"562":0,"571":1,"573":0,"583":1,"586":0,"587":0,"590":0,"591":0,"594":0,"595":0,"598":0,"599":0,"600":0,"601":0,"602":0,"604":0,"605":0,"606":0,"607":0,"611":0,"621":1,"623":0,"626":1,"628":0,"629":0,"639":1,"649":1,"653":0,"655":0,"656":0,"659":0,"660":0,"662":0,"665":1,"667":0,"674":0,"675":0,"676":0,"677":0,"678":0,"679":0,"680":0,"682":0,"683":0,"684":0,"685":0,"691":0,"692":0,"693":0,"700":0,"732":1,"735":0,"738":0,"739":0,"746":0,"758":1,"761":0,"762":0,"763":0,"764":0,"768":0,"772":0,"773":0,"774":0,"775":0,"777":0,"778":0,"786":0,"787":0,"790":0,"791":0,"793":0,"795":0,"807":1,"809":0,"811":0,"814":0,"817":0,"821":0,"822":0,"824":0,"826":0,"828":0,"832":0,"835":0,"842":1,"843":0,"846":0,"850":0,"854":0,"863":1,"877":1,"880":0,"914":0,"920":1,"921":0,"923":0,"924":0,"925":0,"930":0,"931":0,"932":0,"933":0,"937":0,"941":0,"942":0,"952":1,"954":0,"956":0,"957":0,"958":0,"961":0,"962":0,"964":0,"965":0,"968":0,"969":0,"972":0,"976":0,"977":0,"980":0,"981":0,"984":0,"985":0,"986":0,"989":0,"990":0,"993":0,"994":0,"997":0,"998":0,"1000":0,"1001":0,"1002":0,"1003":0,"1016":1,"1017":0,"1018":0,"1020":0,"1021":0,"1023":0,"1025":0,"1026":0,"1029":0,"1030":0,"1032":0,"1033":0,"1035":0,"1036":0,"1038":0,"1048":1,"1049":0,"1050":0,"1053":0,"1054":0,"1057":0,"1058":0,"1060":0,"1063":1,"1064":0,"1066":0,"1078":0,"1079":0,"1080":0,"1081":0,"1082":0,"1083":0,"1087":0,"1096":0,"1097":0,"1098":0,"1106":0,"1108":0,"1109":0,"1112":0,"1130":0,"1135":0,"1138":0,"1139":0,"1142":0,"1144":0,"1145":0,"1149":0,"1152":0,"1160":0,"1163":0,"1164":0,"1168":0,"1169":0,"1170":0,"1171":0,"1172":0,"1173":0,"1174":0,"1175":0,"1178":0,"1181":0,"1184":0,"1185":0,"1188":0,"1196":0,"1197":0,"1205":0,"1206":0,"1213":0,"1214":0,"1222":0,"1223":0,"1224":0,"1231":0,"1232":0,"1239":0,"1240":0,"1241":0,"1243":0,"1244":0,"1245":0,"1246":0,"1247":0,"1256":0,"1257":0,"1266":0,"1267":0,"1268":0,"1270":0,"1271":0,"1272":0,"1273":0,"1274":0,"1277":0,"1278":0,"1279":0,"1289":0,"1290":0,"1300":1,"1303":0,"1305":0,"1306":0,"1307":0,"1309":0,"1310":0,"1315":0,"1316":0,"1318":0,"1320":0,"1322":0,"1323":0,"1324":0,"1325":0,"1328":0,"1330":0,"1332":0,"1338":0,"1340":0,"1342":0,"1343":0,"1345":0,"1346":0,"1349":0,"1351":0,"1355":0,"1358":0,"1364":0,"1367":0,"1368":0,"1369":0,"1370":0,"1374":0,"1375":0,"1377":0,"1378":0,"1382":0,"1383":0,"1386":1,"1389":0,"1391":0,"1397":0,"1398":0,"1402":0,"1403":0,"1404":0,"1406":0,"1408":0,"1411":1,"1412":0,"1414":0,"1415":0,"1417":0,"1418":0,"1420":0,"1423":1,"1424":0,"1425":0,"1426":0,"1427":0,"1428":0,"1429":0,"1431":0,"1433":0,"1436":0,"1438":0,"1445":1,"1448":0,"1452":0,"1453":0,"1456":0,"1458":0,"1459":0,"1460":0,"1466":0,"1467":0,"1469":0,"1471":0,"1474":1,"1477":0,"1479":0,"1480":0,"1484":0,"1487":0,"1489":0,"1490":0,"1491":0,"1493":0,"1495":0,"1496":0,"1498":0,"1499":0,"1500":0,"1503":0,"1506":0,"1507":0,"1513":1,"1516":0,"1519":0,"1521":0,"1522":0,"1523":0,"1527":0,"1528":0,"1529":0,"1530":0,"1531":0,"1533":0,"1534":0,"1537":0,"1539":0,"1543":0,"1545":0,"1546":0,"1574":1,"1577":0,"1579":0,"1580":0,"1582":0,"1584":0,"1585":0,"1586":0,"1587":0,"1588":0,"1592":0,"1593":0,"1599":1,"1601":0,"1604":0,"1607":0,"1610":0,"1611":0,"1615":0,"1616":0,"1619":0,"1623":0,"1624":0,"1626":0,"1627":0,"1633":1,"1635":0,"1639":0,"1642":0,"1645":0,"1648":0,"1650":0,"1651":0,"1665":1,"1667":0,"1669":0,"1670":0,"1672":0,"1673":0,"1681":1,"1684":0,"1688":0,"1696":0,"1697":0,"1704":1,"1706":0,"1710":0,"1712":0,"1713":0,"1718":0,"1719":0,"1732":1,"1736":0,"1737":0,"1740":0,"1742":0,"1744":0,"1745":0,"1748":0,"1749":0,"1750":0,"1751":0,"1753":0,"1755":0,"1760":0,"1764":0,"1766":0,"1769":1,"1771":0,"1772":0,"1773":0,"1774":0,"1775":0,"1781":1,"1783":0,"1785":0,"1786":0,"1787":0,"1791":0,"1793":0,"1794":0,"1797":1,"1800":0,"1801":0,"1804":0,"1805":0,"1808":0,"1811":0,"1813":0,"1817":1,"1819":0,"1821":0,"1858":0,"1861":0,"1862":0,"1864":0,"1867":0,"1868":0,"1872":0,"1876":0,"1877":0,"1881":0,"1884":0,"1885":0,"1891":1,"1893":0,"1895":1,"1896":0,"1900":0,"1901":0,"1905":0,"1906":0,"1910":0,"1911":0,"1915":0,"1916":0,"1921":0,"1922":0,"1928":1,"1930":0,"1932":0,"1933":0,"1937":0,"1938":0,"1939":0,"1940":0,"1941":0,"1943":0,"1945":0,"1948":0,"1949":0,"1955":1,"1957":0,"1959":0,"1961":0,"1962":0,"1966":0,"1968":0,"1969":0,"1972":1,"1975":0,"1977":0,"1990":0,"1992":0,"1996":0,"1999":0,"2000":0,"2004":0,"2014":0,"2016":0,"2017":0,"2022":0,"2025":1,"2026":0,"2028":0,"2029":0,"2030":0,"2031":0,"2033":0,"2036":0,"2037":0,"2048":0,"2053":0,"2054":0,"2056":0,"2058":0,"2061":0,"2062":0,"2068":1,"2070":0,"2072":0,"2073":0,"2074":0,"2075":0,"2077":0,"2078":0,"2084":1,"2087":0,"2089":0,"2092":1,"2094":0,"2098":0,"2100":0,"2101":0,"2104":0,"2105":0,"2107":0,"2109":0,"2111":0,"2112":0,"2113":0,"2114":0,"2116":0,"2117":0,"2118":0,"2121":0,"2125":0,"2130":0,"2131":0,"2133":0,"2134":0,"2138":0,"2141":0,"2142":0,"2143":0,"2145":0,"2146":0,"2149":0,"2151":0,"2155":0,"2158":0,"2160":0,"2161":0,"2164":1,"2167":0,"2174":0,"2175":0,"2176":0,"2177":0,"2179":0,"2180":0,"2182":0,"2183":0,"2185":0,"2187":0,"2192":0,"2193":0,"2195":0,"2196":0,"2198":0,"2200":0,"2203":0,"2204":0,"2210":1,"2212":0,"2221":1,"2242":0,"2245":0,"2248":0,"2250":0,"2256":0,"2257":0,"2260":0,"2261":0,"2263":0,"2267":0,"2268":0,"2269":0,"2270":0,"2271":0,"2272":0,"2274":0,"2275":0,"2287":0,"2288":0,"2294":0,"2295":0,"2296":0,"2299":0,"2300":0,"2301":0,"2303":0,"2305":0,"2306":0,"2307":0,"2309":0,"2311":0,"2315":0,"2317":0,"2319":0,"2323":0,"2325":0,"2327":0,"2328":0,"2331":0,"2341":1,"2344":0,"2349":0,"2350":0,"2351":0,"2352":0,"2354":0,"2357":0,"2358":0,"2361":0,"2363":0,"2367":0,"2370":0,"2375":0,"2377":0,"2378":0,"2380":0,"2381":0,"2385":0,"2387":0,"2388":0,"2394":0,"2395":0,"2396":0,"2402":1,"2404":0,"2408":0,"2411":0,"2413":0,"2414":0,"2420":1,"2423":0,"2425":0,"2426":0,"2428":0,"2432":0,"2433":0,"2435":0,"2436":0,"2440":0,"2441":0,"2442":0,"2443":0,"2444":0,"2449":0,"2450":0,"2451":0,"2456":0,"2457":0,"2460":0,"2461":0,"2464":0,"2466":0,"2468":0,"2471":0,"2473":0,"2475":0,"2476":0,"2479":0,"2481":0,"2483":0,"2484":0,"2485":0,"2491":1,"2494":0,"2495":0,"2497":0,"2499":0,"2500":0,"2501":0,"2503":0,"2506":0,"2513":1,"2516":0,"2517":0,"2518":0,"2519":0,"2523":0,"2524":0,"2529":0,"2530":0,"2531":0,"2534":0,"2537":0,"2540":0,"2542":0,"2545":0,"2548":0,"2549":0,"2552":1,"2555":0,"2556":0,"2557":0,"2558":0,"2561":0,"2569":1,"2572":0,"2575":0,"2577":0,"2578":0,"2579":0,"2581":0,"2584":0,"2587":0,"2588":0,"2590":0,"2591":0,"2598":0,"2602":0,"2604":0,"2607":1,"2610":0,"2611":0,"2614":0,"2616":1,"2617":0,"2618":0,"2619":0,"2620":0,"2621":0,"2622":0,"2624":0,"2628":1,"2629":0,"2630":0,"2631":0,"2632":0,"2634":0,"2636":0,"2639":1,"2640":0,"2641":0,"2644":1,"2645":0,"2648":0,"2649":0,"2651":0,"2653":0,"2654":0,"2655":0,"2656":0,"2658":0,"2660":0,"2661":0,"2664":0,"2666":0,"2668":0,"2671":0,"2672":0,"2673":0,"2675":0,"2676":0,"2680":0,"2681":0,"2687":0,"2688":0,"2690":0,"2691":0,"2692":0,"2694":0,"2698":0,"2703":0,"2704":0,"2707":0,"2708":0,"2711":0,"2712":0,"2713":0,"2715":0,"2718":0,"2719":0,"2720":0,"2721":0,"2724":0,"2726":0,"2729":0,"2732":0,"2734":0,"2740":1,"2742":0,"2744":0,"2745":0,"2746":0,"2749":0,"2750":0,"2753":1,"2756":1,"2757":1,"2760":0,"2761":0,"2763":0,"2768":0}}}